Opening files...
Parsing specification from standard input...
Checking specification...
Building parse tables...
  Computing non-terminal nullability...
  Computing first sets...
  Building state machine...
  Filling in tables...
  Checking for non-reduced productions...
Writing parser...
===== Terminals =====
[0]EOF [1]error [2]ID [3]INTEGER_LITERAL [4]CLASS 
[5]PUBLIC [6]STATIC [7]VOID [8]MAIN [9]STRING 
[10]RETURN [11]INT [12]BOOLEAN [13]IF [14]ELSE 
[15]WHILE [16]PRINTLN [17]LENGTH [18]TRUE [19]FALSE 
[20]THIS [21]NEW [22]LBRACE [23]RBRACE [24]LPAREN 
[25]RPAREN [26]LBRACK [27]RBRACK [28]SEMICOLON [29]COMMA 
[30]ASSIGN [31]AND [32]LT [33]PLUS [34]MINUS 
[35]TIMES [36]DOT [37]EXCLAMATION 

===== Non terminals =====
[0]$START [1]Program [2]MainClass [3]ClassDecl [4]VarDecl 
[5]MethodDecl [6]FormalList [7]FormalRest [8]Type [9]Statement 
[10]Exp [11]ExpList [12]ExpRest [13]ClassDeclStar [14]VarDeclStar 
[15]MethodDeclStar [16]StatementStar [17]ExpRestStar [18]FormalRestStar 

===== Productions =====
[0] $START ::= Program EOF 
[1] Program ::= MainClass ClassDeclStar 
[2] MainClass ::= CLASS ID LBRACE PUBLIC STATIC VOID MAIN LPAREN STRING LBRACK RBRACK ID RPAREN LBRACE Statement RBRACE RBRACE 
[3] ClassDeclStar ::= ClassDeclStar ClassDecl 
[4] ClassDeclStar ::= 
[5] ClassDecl ::= CLASS ID LBRACE VarDeclStar MethodDeclStar RBRACE 
[6] VarDeclStar ::= VarDeclStar VarDecl 
[7] VarDeclStar ::= 
[8] VarDecl ::= Type ID SEMICOLON 
[9] MethodDeclStar ::= MethodDeclStar MethodDecl 
[10] MethodDeclStar ::= 
[11] MethodDecl ::= PUBLIC Type ID LPAREN FormalList RPAREN LBRACE VarDeclStar StatementStar RETURN Exp SEMICOLON RBRACE 
[12] FormalList ::= Type ID FormalRestStar 
[13] FormalList ::= 
[14] FormalRestStar ::= FormalRestStar FormalRest 
[15] FormalRestStar ::= 
[16] FormalRest ::= COMMA Type ID 
[17] Type ::= INT LBRACK RBRACK 
[18] Type ::= BOOLEAN 
[19] Type ::= INT 
[20] Type ::= ID 
[21] StatementStar ::= Statement StatementStar 
[22] StatementStar ::= 
[23] Statement ::= LBRACE StatementStar RBRACE 
[24] Statement ::= IF LPAREN Exp RPAREN Statement ELSE Statement 
[25] Statement ::= WHILE LPAREN Exp RPAREN Statement 
[26] Statement ::= PRINTLN LPAREN Exp RPAREN SEMICOLON 
[27] Statement ::= ID ASSIGN Exp SEMICOLON 
[28] Statement ::= ID LBRACK Exp RBRACK ASSIGN Exp SEMICOLON 
[29] Exp ::= Exp PLUS Exp 
[30] Exp ::= Exp MINUS Exp 
[31] Exp ::= Exp TIMES Exp 
[32] Exp ::= Exp AND Exp 
[33] Exp ::= Exp LT Exp 
[34] Exp ::= Exp LBRACK Exp RBRACK 
[35] Exp ::= Exp DOT LENGTH 
[36] Exp ::= Exp DOT ID LPAREN ExpList RPAREN 
[37] Exp ::= INTEGER_LITERAL 
[38] Exp ::= TRUE 
[39] Exp ::= FALSE 
[40] Exp ::= ID 
[41] Exp ::= THIS 
[42] Exp ::= NEW INT LBRACK Exp RBRACK 
[43] Exp ::= NEW ID LPAREN RPAREN 
[44] Exp ::= EXCLAMATION Exp 
[45] Exp ::= LPAREN Exp RPAREN 
[46] ExpList ::= Exp ExpRestStar 
[47] ExpList ::= 
[48] ExpRestStar ::= ExpRestStar ExpRest 
[49] ExpRestStar ::= 
[50] ExpRest ::= COMMA Exp 

===== Viable Prefix Recognizer =====
START lalr_state [0]: {
  [MainClass ::= (*) CLASS ID LBRACE PUBLIC STATIC VOID MAIN LPAREN STRING LBRACK RBRACK ID RPAREN LBRACE Statement RBRACE RBRACE , {EOF CLASS }]
  [Program ::= (*) MainClass ClassDeclStar , {EOF }]
  [$START ::= (*) Program EOF , {EOF }]
}
transition on CLASS to state [3]
transition on MainClass to state [2]
transition on Program to state [1]

-------------------
lalr_state [1]: {
  [$START ::= Program (*) EOF , {EOF }]
}
transition on EOF to state [133]

-------------------
lalr_state [2]: {
  [ClassDeclStar ::= (*) , {EOF CLASS }]
  [Program ::= MainClass (*) ClassDeclStar , {EOF }]
  [ClassDeclStar ::= (*) ClassDeclStar ClassDecl , {EOF CLASS }]
}
transition on ClassDeclStar to state [94]

-------------------
lalr_state [3]: {
  [MainClass ::= CLASS (*) ID LBRACE PUBLIC STATIC VOID MAIN LPAREN STRING LBRACK RBRACK ID RPAREN LBRACE Statement RBRACE RBRACE , {EOF CLASS }]
}
transition on ID to state [4]

-------------------
lalr_state [4]: {
  [MainClass ::= CLASS ID (*) LBRACE PUBLIC STATIC VOID MAIN LPAREN STRING LBRACK RBRACK ID RPAREN LBRACE Statement RBRACE RBRACE , {EOF CLASS }]
}
transition on LBRACE to state [5]

-------------------
lalr_state [5]: {
  [MainClass ::= CLASS ID LBRACE (*) PUBLIC STATIC VOID MAIN LPAREN STRING LBRACK RBRACK ID RPAREN LBRACE Statement RBRACE RBRACE , {EOF CLASS }]
}
transition on PUBLIC to state [6]

-------------------
lalr_state [6]: {
  [MainClass ::= CLASS ID LBRACE PUBLIC (*) STATIC VOID MAIN LPAREN STRING LBRACK RBRACK ID RPAREN LBRACE Statement RBRACE RBRACE , {EOF CLASS }]
}
transition on STATIC to state [7]

-------------------
lalr_state [7]: {
  [MainClass ::= CLASS ID LBRACE PUBLIC STATIC (*) VOID MAIN LPAREN STRING LBRACK RBRACK ID RPAREN LBRACE Statement RBRACE RBRACE , {EOF CLASS }]
}
transition on VOID to state [8]

-------------------
lalr_state [8]: {
  [MainClass ::= CLASS ID LBRACE PUBLIC STATIC VOID (*) MAIN LPAREN STRING LBRACK RBRACK ID RPAREN LBRACE Statement RBRACE RBRACE , {EOF CLASS }]
}
transition on MAIN to state [9]

-------------------
lalr_state [9]: {
  [MainClass ::= CLASS ID LBRACE PUBLIC STATIC VOID MAIN (*) LPAREN STRING LBRACK RBRACK ID RPAREN LBRACE Statement RBRACE RBRACE , {EOF CLASS }]
}
transition on LPAREN to state [10]

-------------------
lalr_state [10]: {
  [MainClass ::= CLASS ID LBRACE PUBLIC STATIC VOID MAIN LPAREN (*) STRING LBRACK RBRACK ID RPAREN LBRACE Statement RBRACE RBRACE , {EOF CLASS }]
}
transition on STRING to state [11]

-------------------
lalr_state [11]: {
  [MainClass ::= CLASS ID LBRACE PUBLIC STATIC VOID MAIN LPAREN STRING (*) LBRACK RBRACK ID RPAREN LBRACE Statement RBRACE RBRACE , {EOF CLASS }]
}
transition on LBRACK to state [12]

-------------------
lalr_state [12]: {
  [MainClass ::= CLASS ID LBRACE PUBLIC STATIC VOID MAIN LPAREN STRING LBRACK (*) RBRACK ID RPAREN LBRACE Statement RBRACE RBRACE , {EOF CLASS }]
}
transition on RBRACK to state [13]

-------------------
lalr_state [13]: {
  [MainClass ::= CLASS ID LBRACE PUBLIC STATIC VOID MAIN LPAREN STRING LBRACK RBRACK (*) ID RPAREN LBRACE Statement RBRACE RBRACE , {EOF CLASS }]
}
transition on ID to state [14]

-------------------
lalr_state [14]: {
  [MainClass ::= CLASS ID LBRACE PUBLIC STATIC VOID MAIN LPAREN STRING LBRACK RBRACK ID (*) RPAREN LBRACE Statement RBRACE RBRACE , {EOF CLASS }]
}
transition on RPAREN to state [15]

-------------------
lalr_state [15]: {
  [MainClass ::= CLASS ID LBRACE PUBLIC STATIC VOID MAIN LPAREN STRING LBRACK RBRACK ID RPAREN (*) LBRACE Statement RBRACE RBRACE , {EOF CLASS }]
}
transition on LBRACE to state [16]

-------------------
lalr_state [16]: {
  [Statement ::= (*) ID ASSIGN Exp SEMICOLON , {RBRACE }]
  [Statement ::= (*) IF LPAREN Exp RPAREN Statement ELSE Statement , {RBRACE }]
  [Statement ::= (*) PRINTLN LPAREN Exp RPAREN SEMICOLON , {RBRACE }]
  [Statement ::= (*) LBRACE StatementStar RBRACE , {RBRACE }]
  [Statement ::= (*) ID LBRACK Exp RBRACK ASSIGN Exp SEMICOLON , {RBRACE }]
  [Statement ::= (*) WHILE LPAREN Exp RPAREN Statement , {RBRACE }]
  [MainClass ::= CLASS ID LBRACE PUBLIC STATIC VOID MAIN LPAREN STRING LBRACK RBRACK ID RPAREN LBRACE (*) Statement RBRACE RBRACE , {EOF CLASS }]
}
transition on PRINTLN to state [22]
transition on IF to state [21]
transition on WHILE to state [20]
transition on Statement to state [19]
transition on LBRACE to state [18]
transition on ID to state [17]

-------------------
lalr_state [17]: {
  [Statement ::= ID (*) ASSIGN Exp SEMICOLON , {ID RETURN IF ELSE WHILE PRINTLN LBRACE RBRACE }]
  [Statement ::= ID (*) LBRACK Exp RBRACK ASSIGN Exp SEMICOLON , {ID RETURN IF ELSE WHILE PRINTLN LBRACE RBRACE }]
}
transition on ASSIGN to state [86]
transition on LBRACK to state [85]

-------------------
lalr_state [18]: {
  [Statement ::= (*) ID LBRACK Exp RBRACK ASSIGN Exp SEMICOLON , {ID IF WHILE PRINTLN LBRACE RBRACE }]
  [Statement ::= (*) WHILE LPAREN Exp RPAREN Statement , {ID IF WHILE PRINTLN LBRACE RBRACE }]
  [StatementStar ::= (*) , {RBRACE }]
  [Statement ::= (*) ID ASSIGN Exp SEMICOLON , {ID IF WHILE PRINTLN LBRACE RBRACE }]
  [Statement ::= (*) IF LPAREN Exp RPAREN Statement ELSE Statement , {ID IF WHILE PRINTLN LBRACE RBRACE }]
  [StatementStar ::= (*) Statement StatementStar , {RBRACE }]
  [Statement ::= LBRACE (*) StatementStar RBRACE , {ID RETURN IF ELSE WHILE PRINTLN LBRACE RBRACE }]
  [Statement ::= (*) PRINTLN LPAREN Exp RPAREN SEMICOLON , {ID IF WHILE PRINTLN LBRACE RBRACE }]
  [Statement ::= (*) LBRACE StatementStar RBRACE , {ID IF WHILE PRINTLN LBRACE RBRACE }]
}
transition on StatementStar to state [82]
transition on PRINTLN to state [22]
transition on IF to state [21]
transition on WHILE to state [20]
transition on Statement to state [81]
transition on LBRACE to state [18]
transition on ID to state [17]

-------------------
lalr_state [19]: {
  [MainClass ::= CLASS ID LBRACE PUBLIC STATIC VOID MAIN LPAREN STRING LBRACK RBRACK ID RPAREN LBRACE Statement (*) RBRACE RBRACE , {EOF CLASS }]
}
transition on RBRACE to state [79]

-------------------
lalr_state [20]: {
  [Statement ::= WHILE (*) LPAREN Exp RPAREN Statement , {ID RETURN IF ELSE WHILE PRINTLN LBRACE RBRACE }]
}
transition on LPAREN to state [75]

-------------------
lalr_state [21]: {
  [Statement ::= IF (*) LPAREN Exp RPAREN Statement ELSE Statement , {ID RETURN IF ELSE WHILE PRINTLN LBRACE RBRACE }]
}
transition on LPAREN to state [69]

-------------------
lalr_state [22]: {
  [Statement ::= PRINTLN (*) LPAREN Exp RPAREN SEMICOLON , {ID RETURN IF ELSE WHILE PRINTLN LBRACE RBRACE }]
}
transition on LPAREN to state [23]

-------------------
lalr_state [23]: {
  [Exp ::= (*) Exp MINUS Exp , {RPAREN LBRACK AND LT PLUS MINUS TIMES DOT }]
  [Exp ::= (*) Exp DOT LENGTH , {RPAREN LBRACK AND LT PLUS MINUS TIMES DOT }]
  [Exp ::= (*) ID , {RPAREN LBRACK AND LT PLUS MINUS TIMES DOT }]
  [Exp ::= (*) LPAREN Exp RPAREN , {RPAREN LBRACK AND LT PLUS MINUS TIMES DOT }]
  [Exp ::= (*) Exp LT Exp , {RPAREN LBRACK AND LT PLUS MINUS TIMES DOT }]
  [Exp ::= (*) TRUE , {RPAREN LBRACK AND LT PLUS MINUS TIMES DOT }]
  [Exp ::= (*) NEW ID LPAREN RPAREN , {RPAREN LBRACK AND LT PLUS MINUS TIMES DOT }]
  [Statement ::= PRINTLN LPAREN (*) Exp RPAREN SEMICOLON , {ID RETURN IF ELSE WHILE PRINTLN LBRACE RBRACE }]
  [Exp ::= (*) Exp TIMES Exp , {RPAREN LBRACK AND LT PLUS MINUS TIMES DOT }]
  [Exp ::= (*) Exp DOT ID LPAREN ExpList RPAREN , {RPAREN LBRACK AND LT PLUS MINUS TIMES DOT }]
  [Exp ::= (*) THIS , {RPAREN LBRACK AND LT PLUS MINUS TIMES DOT }]
  [Exp ::= (*) Exp PLUS Exp , {RPAREN LBRACK AND LT PLUS MINUS TIMES DOT }]
  [Exp ::= (*) Exp LBRACK Exp RBRACK , {RPAREN LBRACK AND LT PLUS MINUS TIMES DOT }]
  [Exp ::= (*) FALSE , {RPAREN LBRACK AND LT PLUS MINUS TIMES DOT }]
  [Exp ::= (*) EXCLAMATION Exp , {RPAREN LBRACK AND LT PLUS MINUS TIMES DOT }]
  [Exp ::= (*) Exp AND Exp , {RPAREN LBRACK AND LT PLUS MINUS TIMES DOT }]
  [Exp ::= (*) INTEGER_LITERAL , {RPAREN LBRACK AND LT PLUS MINUS TIMES DOT }]
  [Exp ::= (*) NEW INT LBRACK Exp RBRACK , {RPAREN LBRACK AND LT PLUS MINUS TIMES DOT }]
}
transition on INTEGER_LITERAL to state [32]
transition on LPAREN to state [31]
transition on THIS to state [30]
transition on EXCLAMATION to state [29]
transition on ID to state [28]
transition on FALSE to state [27]
transition on Exp to state [26]
transition on TRUE to state [25]
transition on NEW to state [24]

-------------------
lalr_state [24]: {
  [Exp ::= NEW (*) ID LPAREN RPAREN , {RPAREN LBRACK RBRACK SEMICOLON COMMA AND LT PLUS MINUS TIMES DOT }]
  [Exp ::= NEW (*) INT LBRACK Exp RBRACK , {RPAREN LBRACK RBRACK SEMICOLON COMMA AND LT PLUS MINUS TIMES DOT }]
}
transition on INT to state [63]
transition on ID to state [62]

-------------------
lalr_state [25]: {
  [Exp ::= TRUE (*) , {RPAREN LBRACK RBRACK SEMICOLON COMMA AND LT PLUS MINUS TIMES DOT }]
}

-------------------
lalr_state [26]: {
  [Exp ::= Exp (*) LBRACK Exp RBRACK , {RPAREN LBRACK AND LT PLUS MINUS TIMES DOT }]
  [Exp ::= Exp (*) TIMES Exp , {RPAREN LBRACK AND LT PLUS MINUS TIMES DOT }]
  [Exp ::= Exp (*) DOT ID LPAREN ExpList RPAREN , {RPAREN LBRACK AND LT PLUS MINUS TIMES DOT }]
  [Exp ::= Exp (*) LT Exp , {RPAREN LBRACK AND LT PLUS MINUS TIMES DOT }]
  [Exp ::= Exp (*) MINUS Exp , {RPAREN LBRACK AND LT PLUS MINUS TIMES DOT }]
  [Exp ::= Exp (*) DOT LENGTH , {RPAREN LBRACK AND LT PLUS MINUS TIMES DOT }]
  [Exp ::= Exp (*) AND Exp , {RPAREN LBRACK AND LT PLUS MINUS TIMES DOT }]
  [Statement ::= PRINTLN LPAREN Exp (*) RPAREN SEMICOLON , {ID RETURN IF ELSE WHILE PRINTLN LBRACE RBRACE }]
  [Exp ::= Exp (*) PLUS Exp , {RPAREN LBRACK AND LT PLUS MINUS TIMES DOT }]
}
transition on DOT to state [41]
transition on TIMES to state [40]
transition on LBRACK to state [39]
transition on MINUS to state [38]
transition on PLUS to state [37]
transition on AND to state [36]
transition on RPAREN to state [60]
transition on LT to state [34]

-------------------
lalr_state [27]: {
  [Exp ::= FALSE (*) , {RPAREN LBRACK RBRACK SEMICOLON COMMA AND LT PLUS MINUS TIMES DOT }]
}

-------------------
lalr_state [28]: {
  [Exp ::= ID (*) , {RPAREN LBRACK RBRACK SEMICOLON COMMA AND LT PLUS MINUS TIMES DOT }]
}

-------------------
lalr_state [29]: {
  [Exp ::= (*) Exp MINUS Exp , {RPAREN LBRACK RBRACK SEMICOLON COMMA AND LT PLUS MINUS TIMES DOT }]
  [Exp ::= (*) Exp DOT LENGTH , {RPAREN LBRACK RBRACK SEMICOLON COMMA AND LT PLUS MINUS TIMES DOT }]
  [Exp ::= (*) ID , {RPAREN LBRACK RBRACK SEMICOLON COMMA AND LT PLUS MINUS TIMES DOT }]
  [Exp ::= (*) LPAREN Exp RPAREN , {RPAREN LBRACK RBRACK SEMICOLON COMMA AND LT PLUS MINUS TIMES DOT }]
  [Exp ::= (*) Exp LT Exp , {RPAREN LBRACK RBRACK SEMICOLON COMMA AND LT PLUS MINUS TIMES DOT }]
  [Exp ::= (*) TRUE , {RPAREN LBRACK RBRACK SEMICOLON COMMA AND LT PLUS MINUS TIMES DOT }]
  [Exp ::= (*) NEW ID LPAREN RPAREN , {RPAREN LBRACK RBRACK SEMICOLON COMMA AND LT PLUS MINUS TIMES DOT }]
  [Exp ::= (*) Exp TIMES Exp , {RPAREN LBRACK RBRACK SEMICOLON COMMA AND LT PLUS MINUS TIMES DOT }]
  [Exp ::= (*) Exp DOT ID LPAREN ExpList RPAREN , {RPAREN LBRACK RBRACK SEMICOLON COMMA AND LT PLUS MINUS TIMES DOT }]
  [Exp ::= (*) THIS , {RPAREN LBRACK RBRACK SEMICOLON COMMA AND LT PLUS MINUS TIMES DOT }]
  [Exp ::= (*) Exp PLUS Exp , {RPAREN LBRACK RBRACK SEMICOLON COMMA AND LT PLUS MINUS TIMES DOT }]
  [Exp ::= (*) Exp LBRACK Exp RBRACK , {RPAREN LBRACK RBRACK SEMICOLON COMMA AND LT PLUS MINUS TIMES DOT }]
  [Exp ::= (*) FALSE , {RPAREN LBRACK RBRACK SEMICOLON COMMA AND LT PLUS MINUS TIMES DOT }]
  [Exp ::= EXCLAMATION (*) Exp , {RPAREN LBRACK RBRACK SEMICOLON COMMA AND LT PLUS MINUS TIMES DOT }]
  [Exp ::= (*) EXCLAMATION Exp , {RPAREN LBRACK RBRACK SEMICOLON COMMA AND LT PLUS MINUS TIMES DOT }]
  [Exp ::= (*) Exp AND Exp , {RPAREN LBRACK RBRACK SEMICOLON COMMA AND LT PLUS MINUS TIMES DOT }]
  [Exp ::= (*) INTEGER_LITERAL , {RPAREN LBRACK RBRACK SEMICOLON COMMA AND LT PLUS MINUS TIMES DOT }]
  [Exp ::= (*) NEW INT LBRACK Exp RBRACK , {RPAREN LBRACK RBRACK SEMICOLON COMMA AND LT PLUS MINUS TIMES DOT }]
}
transition on INTEGER_LITERAL to state [32]
transition on LPAREN to state [31]
transition on THIS to state [30]
transition on EXCLAMATION to state [29]
transition on ID to state [28]
transition on FALSE to state [27]
transition on Exp to state [59]
transition on TRUE to state [25]
transition on NEW to state [24]

-------------------
lalr_state [30]: {
  [Exp ::= THIS (*) , {RPAREN LBRACK RBRACK SEMICOLON COMMA AND LT PLUS MINUS TIMES DOT }]
}

-------------------
lalr_state [31]: {
  [Exp ::= (*) Exp MINUS Exp , {RPAREN LBRACK AND LT PLUS MINUS TIMES DOT }]
  [Exp ::= (*) Exp DOT LENGTH , {RPAREN LBRACK AND LT PLUS MINUS TIMES DOT }]
  [Exp ::= LPAREN (*) Exp RPAREN , {RPAREN LBRACK RBRACK SEMICOLON COMMA AND LT PLUS MINUS TIMES DOT }]
  [Exp ::= (*) ID , {RPAREN LBRACK AND LT PLUS MINUS TIMES DOT }]
  [Exp ::= (*) LPAREN Exp RPAREN , {RPAREN LBRACK AND LT PLUS MINUS TIMES DOT }]
  [Exp ::= (*) Exp LT Exp , {RPAREN LBRACK AND LT PLUS MINUS TIMES DOT }]
  [Exp ::= (*) TRUE , {RPAREN LBRACK AND LT PLUS MINUS TIMES DOT }]
  [Exp ::= (*) NEW ID LPAREN RPAREN , {RPAREN LBRACK AND LT PLUS MINUS TIMES DOT }]
  [Exp ::= (*) Exp TIMES Exp , {RPAREN LBRACK AND LT PLUS MINUS TIMES DOT }]
  [Exp ::= (*) Exp DOT ID LPAREN ExpList RPAREN , {RPAREN LBRACK AND LT PLUS MINUS TIMES DOT }]
  [Exp ::= (*) THIS , {RPAREN LBRACK AND LT PLUS MINUS TIMES DOT }]
  [Exp ::= (*) Exp PLUS Exp , {RPAREN LBRACK AND LT PLUS MINUS TIMES DOT }]
  [Exp ::= (*) Exp LBRACK Exp RBRACK , {RPAREN LBRACK AND LT PLUS MINUS TIMES DOT }]
  [Exp ::= (*) FALSE , {RPAREN LBRACK AND LT PLUS MINUS TIMES DOT }]
  [Exp ::= (*) EXCLAMATION Exp , {RPAREN LBRACK AND LT PLUS MINUS TIMES DOT }]
  [Exp ::= (*) Exp AND Exp , {RPAREN LBRACK AND LT PLUS MINUS TIMES DOT }]
  [Exp ::= (*) INTEGER_LITERAL , {RPAREN LBRACK AND LT PLUS MINUS TIMES DOT }]
  [Exp ::= (*) NEW INT LBRACK Exp RBRACK , {RPAREN LBRACK AND LT PLUS MINUS TIMES DOT }]
}
transition on INTEGER_LITERAL to state [32]
transition on LPAREN to state [31]
transition on THIS to state [30]
transition on EXCLAMATION to state [29]
transition on ID to state [28]
transition on FALSE to state [27]
transition on Exp to state [33]
transition on TRUE to state [25]
transition on NEW to state [24]

-------------------
lalr_state [32]: {
  [Exp ::= INTEGER_LITERAL (*) , {RPAREN LBRACK RBRACK SEMICOLON COMMA AND LT PLUS MINUS TIMES DOT }]
}

-------------------
lalr_state [33]: {
  [Exp ::= Exp (*) LBRACK Exp RBRACK , {RPAREN LBRACK AND LT PLUS MINUS TIMES DOT }]
  [Exp ::= Exp (*) TIMES Exp , {RPAREN LBRACK AND LT PLUS MINUS TIMES DOT }]
  [Exp ::= LPAREN Exp (*) RPAREN , {RPAREN LBRACK RBRACK SEMICOLON COMMA AND LT PLUS MINUS TIMES DOT }]
  [Exp ::= Exp (*) DOT ID LPAREN ExpList RPAREN , {RPAREN LBRACK AND LT PLUS MINUS TIMES DOT }]
  [Exp ::= Exp (*) LT Exp , {RPAREN LBRACK AND LT PLUS MINUS TIMES DOT }]
  [Exp ::= Exp (*) MINUS Exp , {RPAREN LBRACK AND LT PLUS MINUS TIMES DOT }]
  [Exp ::= Exp (*) DOT LENGTH , {RPAREN LBRACK AND LT PLUS MINUS TIMES DOT }]
  [Exp ::= Exp (*) AND Exp , {RPAREN LBRACK AND LT PLUS MINUS TIMES DOT }]
  [Exp ::= Exp (*) PLUS Exp , {RPAREN LBRACK AND LT PLUS MINUS TIMES DOT }]
}
transition on DOT to state [41]
transition on TIMES to state [40]
transition on LBRACK to state [39]
transition on MINUS to state [38]
transition on PLUS to state [37]
transition on AND to state [36]
transition on RPAREN to state [35]
transition on LT to state [34]

-------------------
lalr_state [34]: {
  [Exp ::= (*) Exp MINUS Exp , {RPAREN LBRACK RBRACK SEMICOLON COMMA AND LT PLUS MINUS TIMES DOT }]
  [Exp ::= (*) Exp DOT LENGTH , {RPAREN LBRACK RBRACK SEMICOLON COMMA AND LT PLUS MINUS TIMES DOT }]
  [Exp ::= (*) ID , {RPAREN LBRACK RBRACK SEMICOLON COMMA AND LT PLUS MINUS TIMES DOT }]
  [Exp ::= (*) LPAREN Exp RPAREN , {RPAREN LBRACK RBRACK SEMICOLON COMMA AND LT PLUS MINUS TIMES DOT }]
  [Exp ::= Exp LT (*) Exp , {RPAREN LBRACK RBRACK SEMICOLON COMMA AND LT PLUS MINUS TIMES DOT }]
  [Exp ::= (*) Exp LT Exp , {RPAREN LBRACK RBRACK SEMICOLON COMMA AND LT PLUS MINUS TIMES DOT }]
  [Exp ::= (*) TRUE , {RPAREN LBRACK RBRACK SEMICOLON COMMA AND LT PLUS MINUS TIMES DOT }]
  [Exp ::= (*) NEW ID LPAREN RPAREN , {RPAREN LBRACK RBRACK SEMICOLON COMMA AND LT PLUS MINUS TIMES DOT }]
  [Exp ::= (*) Exp TIMES Exp , {RPAREN LBRACK RBRACK SEMICOLON COMMA AND LT PLUS MINUS TIMES DOT }]
  [Exp ::= (*) Exp DOT ID LPAREN ExpList RPAREN , {RPAREN LBRACK RBRACK SEMICOLON COMMA AND LT PLUS MINUS TIMES DOT }]
  [Exp ::= (*) THIS , {RPAREN LBRACK RBRACK SEMICOLON COMMA AND LT PLUS MINUS TIMES DOT }]
  [Exp ::= (*) Exp PLUS Exp , {RPAREN LBRACK RBRACK SEMICOLON COMMA AND LT PLUS MINUS TIMES DOT }]
  [Exp ::= (*) Exp LBRACK Exp RBRACK , {RPAREN LBRACK RBRACK SEMICOLON COMMA AND LT PLUS MINUS TIMES DOT }]
  [Exp ::= (*) FALSE , {RPAREN LBRACK RBRACK SEMICOLON COMMA AND LT PLUS MINUS TIMES DOT }]
  [Exp ::= (*) EXCLAMATION Exp , {RPAREN LBRACK RBRACK SEMICOLON COMMA AND LT PLUS MINUS TIMES DOT }]
  [Exp ::= (*) Exp AND Exp , {RPAREN LBRACK RBRACK SEMICOLON COMMA AND LT PLUS MINUS TIMES DOT }]
  [Exp ::= (*) INTEGER_LITERAL , {RPAREN LBRACK RBRACK SEMICOLON COMMA AND LT PLUS MINUS TIMES DOT }]
  [Exp ::= (*) NEW INT LBRACK Exp RBRACK , {RPAREN LBRACK RBRACK SEMICOLON COMMA AND LT PLUS MINUS TIMES DOT }]
}
transition on INTEGER_LITERAL to state [32]
transition on LPAREN to state [31]
transition on THIS to state [30]
transition on EXCLAMATION to state [29]
transition on ID to state [28]
transition on FALSE to state [27]
transition on Exp to state [58]
transition on TRUE to state [25]
transition on NEW to state [24]

-------------------
lalr_state [35]: {
  [Exp ::= LPAREN Exp RPAREN (*) , {RPAREN LBRACK RBRACK SEMICOLON COMMA AND LT PLUS MINUS TIMES DOT }]
}

-------------------
lalr_state [36]: {
  [Exp ::= (*) Exp MINUS Exp , {RPAREN LBRACK RBRACK SEMICOLON COMMA AND LT PLUS MINUS TIMES DOT }]
  [Exp ::= (*) Exp DOT LENGTH , {RPAREN LBRACK RBRACK SEMICOLON COMMA AND LT PLUS MINUS TIMES DOT }]
  [Exp ::= (*) ID , {RPAREN LBRACK RBRACK SEMICOLON COMMA AND LT PLUS MINUS TIMES DOT }]
  [Exp ::= (*) LPAREN Exp RPAREN , {RPAREN LBRACK RBRACK SEMICOLON COMMA AND LT PLUS MINUS TIMES DOT }]
  [Exp ::= (*) Exp LT Exp , {RPAREN LBRACK RBRACK SEMICOLON COMMA AND LT PLUS MINUS TIMES DOT }]
  [Exp ::= (*) TRUE , {RPAREN LBRACK RBRACK SEMICOLON COMMA AND LT PLUS MINUS TIMES DOT }]
  [Exp ::= (*) NEW ID LPAREN RPAREN , {RPAREN LBRACK RBRACK SEMICOLON COMMA AND LT PLUS MINUS TIMES DOT }]
  [Exp ::= (*) Exp TIMES Exp , {RPAREN LBRACK RBRACK SEMICOLON COMMA AND LT PLUS MINUS TIMES DOT }]
  [Exp ::= (*) Exp DOT ID LPAREN ExpList RPAREN , {RPAREN LBRACK RBRACK SEMICOLON COMMA AND LT PLUS MINUS TIMES DOT }]
  [Exp ::= (*) THIS , {RPAREN LBRACK RBRACK SEMICOLON COMMA AND LT PLUS MINUS TIMES DOT }]
  [Exp ::= (*) Exp PLUS Exp , {RPAREN LBRACK RBRACK SEMICOLON COMMA AND LT PLUS MINUS TIMES DOT }]
  [Exp ::= (*) Exp LBRACK Exp RBRACK , {RPAREN LBRACK RBRACK SEMICOLON COMMA AND LT PLUS MINUS TIMES DOT }]
  [Exp ::= (*) FALSE , {RPAREN LBRACK RBRACK SEMICOLON COMMA AND LT PLUS MINUS TIMES DOT }]
  [Exp ::= (*) EXCLAMATION Exp , {RPAREN LBRACK RBRACK SEMICOLON COMMA AND LT PLUS MINUS TIMES DOT }]
  [Exp ::= Exp AND (*) Exp , {RPAREN LBRACK RBRACK SEMICOLON COMMA AND LT PLUS MINUS TIMES DOT }]
  [Exp ::= (*) Exp AND Exp , {RPAREN LBRACK RBRACK SEMICOLON COMMA AND LT PLUS MINUS TIMES DOT }]
  [Exp ::= (*) INTEGER_LITERAL , {RPAREN LBRACK RBRACK SEMICOLON COMMA AND LT PLUS MINUS TIMES DOT }]
  [Exp ::= (*) NEW INT LBRACK Exp RBRACK , {RPAREN LBRACK RBRACK SEMICOLON COMMA AND LT PLUS MINUS TIMES DOT }]
}
transition on INTEGER_LITERAL to state [32]
transition on LPAREN to state [31]
transition on THIS to state [30]
transition on EXCLAMATION to state [29]
transition on ID to state [28]
transition on FALSE to state [27]
transition on Exp to state [57]
transition on TRUE to state [25]
transition on NEW to state [24]

-------------------
lalr_state [37]: {
  [Exp ::= (*) Exp MINUS Exp , {RPAREN LBRACK RBRACK SEMICOLON COMMA AND LT PLUS MINUS TIMES DOT }]
  [Exp ::= (*) Exp DOT LENGTH , {RPAREN LBRACK RBRACK SEMICOLON COMMA AND LT PLUS MINUS TIMES DOT }]
  [Exp ::= (*) ID , {RPAREN LBRACK RBRACK SEMICOLON COMMA AND LT PLUS MINUS TIMES DOT }]
  [Exp ::= (*) LPAREN Exp RPAREN , {RPAREN LBRACK RBRACK SEMICOLON COMMA AND LT PLUS MINUS TIMES DOT }]
  [Exp ::= (*) Exp LT Exp , {RPAREN LBRACK RBRACK SEMICOLON COMMA AND LT PLUS MINUS TIMES DOT }]
  [Exp ::= (*) TRUE , {RPAREN LBRACK RBRACK SEMICOLON COMMA AND LT PLUS MINUS TIMES DOT }]
  [Exp ::= (*) NEW ID LPAREN RPAREN , {RPAREN LBRACK RBRACK SEMICOLON COMMA AND LT PLUS MINUS TIMES DOT }]
  [Exp ::= (*) Exp TIMES Exp , {RPAREN LBRACK RBRACK SEMICOLON COMMA AND LT PLUS MINUS TIMES DOT }]
  [Exp ::= (*) Exp DOT ID LPAREN ExpList RPAREN , {RPAREN LBRACK RBRACK SEMICOLON COMMA AND LT PLUS MINUS TIMES DOT }]
  [Exp ::= (*) THIS , {RPAREN LBRACK RBRACK SEMICOLON COMMA AND LT PLUS MINUS TIMES DOT }]
  [Exp ::= Exp PLUS (*) Exp , {RPAREN LBRACK RBRACK SEMICOLON COMMA AND LT PLUS MINUS TIMES DOT }]
  [Exp ::= (*) Exp PLUS Exp , {RPAREN LBRACK RBRACK SEMICOLON COMMA AND LT PLUS MINUS TIMES DOT }]
  [Exp ::= (*) Exp LBRACK Exp RBRACK , {RPAREN LBRACK RBRACK SEMICOLON COMMA AND LT PLUS MINUS TIMES DOT }]
  [Exp ::= (*) FALSE , {RPAREN LBRACK RBRACK SEMICOLON COMMA AND LT PLUS MINUS TIMES DOT }]
  [Exp ::= (*) EXCLAMATION Exp , {RPAREN LBRACK RBRACK SEMICOLON COMMA AND LT PLUS MINUS TIMES DOT }]
  [Exp ::= (*) Exp AND Exp , {RPAREN LBRACK RBRACK SEMICOLON COMMA AND LT PLUS MINUS TIMES DOT }]
  [Exp ::= (*) INTEGER_LITERAL , {RPAREN LBRACK RBRACK SEMICOLON COMMA AND LT PLUS MINUS TIMES DOT }]
  [Exp ::= (*) NEW INT LBRACK Exp RBRACK , {RPAREN LBRACK RBRACK SEMICOLON COMMA AND LT PLUS MINUS TIMES DOT }]
}
transition on INTEGER_LITERAL to state [32]
transition on LPAREN to state [31]
transition on THIS to state [30]
transition on EXCLAMATION to state [29]
transition on ID to state [28]
transition on FALSE to state [27]
transition on Exp to state [56]
transition on TRUE to state [25]
transition on NEW to state [24]

-------------------
lalr_state [38]: {
  [Exp ::= Exp MINUS (*) Exp , {RPAREN LBRACK RBRACK SEMICOLON COMMA AND LT PLUS MINUS TIMES DOT }]
  [Exp ::= (*) Exp MINUS Exp , {RPAREN LBRACK RBRACK SEMICOLON COMMA AND LT PLUS MINUS TIMES DOT }]
  [Exp ::= (*) Exp DOT LENGTH , {RPAREN LBRACK RBRACK SEMICOLON COMMA AND LT PLUS MINUS TIMES DOT }]
  [Exp ::= (*) ID , {RPAREN LBRACK RBRACK SEMICOLON COMMA AND LT PLUS MINUS TIMES DOT }]
  [Exp ::= (*) LPAREN Exp RPAREN , {RPAREN LBRACK RBRACK SEMICOLON COMMA AND LT PLUS MINUS TIMES DOT }]
  [Exp ::= (*) Exp LT Exp , {RPAREN LBRACK RBRACK SEMICOLON COMMA AND LT PLUS MINUS TIMES DOT }]
  [Exp ::= (*) TRUE , {RPAREN LBRACK RBRACK SEMICOLON COMMA AND LT PLUS MINUS TIMES DOT }]
  [Exp ::= (*) NEW ID LPAREN RPAREN , {RPAREN LBRACK RBRACK SEMICOLON COMMA AND LT PLUS MINUS TIMES DOT }]
  [Exp ::= (*) Exp TIMES Exp , {RPAREN LBRACK RBRACK SEMICOLON COMMA AND LT PLUS MINUS TIMES DOT }]
  [Exp ::= (*) Exp DOT ID LPAREN ExpList RPAREN , {RPAREN LBRACK RBRACK SEMICOLON COMMA AND LT PLUS MINUS TIMES DOT }]
  [Exp ::= (*) THIS , {RPAREN LBRACK RBRACK SEMICOLON COMMA AND LT PLUS MINUS TIMES DOT }]
  [Exp ::= (*) Exp PLUS Exp , {RPAREN LBRACK RBRACK SEMICOLON COMMA AND LT PLUS MINUS TIMES DOT }]
  [Exp ::= (*) Exp LBRACK Exp RBRACK , {RPAREN LBRACK RBRACK SEMICOLON COMMA AND LT PLUS MINUS TIMES DOT }]
  [Exp ::= (*) FALSE , {RPAREN LBRACK RBRACK SEMICOLON COMMA AND LT PLUS MINUS TIMES DOT }]
  [Exp ::= (*) EXCLAMATION Exp , {RPAREN LBRACK RBRACK SEMICOLON COMMA AND LT PLUS MINUS TIMES DOT }]
  [Exp ::= (*) Exp AND Exp , {RPAREN LBRACK RBRACK SEMICOLON COMMA AND LT PLUS MINUS TIMES DOT }]
  [Exp ::= (*) INTEGER_LITERAL , {RPAREN LBRACK RBRACK SEMICOLON COMMA AND LT PLUS MINUS TIMES DOT }]
  [Exp ::= (*) NEW INT LBRACK Exp RBRACK , {RPAREN LBRACK RBRACK SEMICOLON COMMA AND LT PLUS MINUS TIMES DOT }]
}
transition on INTEGER_LITERAL to state [32]
transition on LPAREN to state [31]
transition on THIS to state [30]
transition on EXCLAMATION to state [29]
transition on ID to state [28]
transition on FALSE to state [27]
transition on Exp to state [55]
transition on TRUE to state [25]
transition on NEW to state [24]

-------------------
lalr_state [39]: {
  [Exp ::= (*) Exp MINUS Exp , {LBRACK RBRACK AND LT PLUS MINUS TIMES DOT }]
  [Exp ::= (*) Exp DOT LENGTH , {LBRACK RBRACK AND LT PLUS MINUS TIMES DOT }]
  [Exp ::= (*) ID , {LBRACK RBRACK AND LT PLUS MINUS TIMES DOT }]
  [Exp ::= (*) LPAREN Exp RPAREN , {LBRACK RBRACK AND LT PLUS MINUS TIMES DOT }]
  [Exp ::= (*) Exp LT Exp , {LBRACK RBRACK AND LT PLUS MINUS TIMES DOT }]
  [Exp ::= (*) TRUE , {LBRACK RBRACK AND LT PLUS MINUS TIMES DOT }]
  [Exp ::= (*) NEW ID LPAREN RPAREN , {LBRACK RBRACK AND LT PLUS MINUS TIMES DOT }]
  [Exp ::= (*) Exp TIMES Exp , {LBRACK RBRACK AND LT PLUS MINUS TIMES DOT }]
  [Exp ::= (*) Exp DOT ID LPAREN ExpList RPAREN , {LBRACK RBRACK AND LT PLUS MINUS TIMES DOT }]
  [Exp ::= (*) THIS , {LBRACK RBRACK AND LT PLUS MINUS TIMES DOT }]
  [Exp ::= Exp LBRACK (*) Exp RBRACK , {RPAREN LBRACK RBRACK SEMICOLON COMMA AND LT PLUS MINUS TIMES DOT }]
  [Exp ::= (*) Exp PLUS Exp , {LBRACK RBRACK AND LT PLUS MINUS TIMES DOT }]
  [Exp ::= (*) Exp LBRACK Exp RBRACK , {LBRACK RBRACK AND LT PLUS MINUS TIMES DOT }]
  [Exp ::= (*) FALSE , {LBRACK RBRACK AND LT PLUS MINUS TIMES DOT }]
  [Exp ::= (*) EXCLAMATION Exp , {LBRACK RBRACK AND LT PLUS MINUS TIMES DOT }]
  [Exp ::= (*) Exp AND Exp , {LBRACK RBRACK AND LT PLUS MINUS TIMES DOT }]
  [Exp ::= (*) INTEGER_LITERAL , {LBRACK RBRACK AND LT PLUS MINUS TIMES DOT }]
  [Exp ::= (*) NEW INT LBRACK Exp RBRACK , {LBRACK RBRACK AND LT PLUS MINUS TIMES DOT }]
}
transition on INTEGER_LITERAL to state [32]
transition on LPAREN to state [31]
transition on THIS to state [30]
transition on EXCLAMATION to state [29]
transition on ID to state [28]
transition on FALSE to state [27]
transition on Exp to state [53]
transition on TRUE to state [25]
transition on NEW to state [24]

-------------------
lalr_state [40]: {
  [Exp ::= (*) Exp MINUS Exp , {RPAREN LBRACK RBRACK SEMICOLON COMMA AND LT PLUS MINUS TIMES DOT }]
  [Exp ::= (*) Exp DOT LENGTH , {RPAREN LBRACK RBRACK SEMICOLON COMMA AND LT PLUS MINUS TIMES DOT }]
  [Exp ::= (*) ID , {RPAREN LBRACK RBRACK SEMICOLON COMMA AND LT PLUS MINUS TIMES DOT }]
  [Exp ::= (*) LPAREN Exp RPAREN , {RPAREN LBRACK RBRACK SEMICOLON COMMA AND LT PLUS MINUS TIMES DOT }]
  [Exp ::= (*) Exp LT Exp , {RPAREN LBRACK RBRACK SEMICOLON COMMA AND LT PLUS MINUS TIMES DOT }]
  [Exp ::= (*) TRUE , {RPAREN LBRACK RBRACK SEMICOLON COMMA AND LT PLUS MINUS TIMES DOT }]
  [Exp ::= (*) NEW ID LPAREN RPAREN , {RPAREN LBRACK RBRACK SEMICOLON COMMA AND LT PLUS MINUS TIMES DOT }]
  [Exp ::= Exp TIMES (*) Exp , {RPAREN LBRACK RBRACK SEMICOLON COMMA AND LT PLUS MINUS TIMES DOT }]
  [Exp ::= (*) Exp TIMES Exp , {RPAREN LBRACK RBRACK SEMICOLON COMMA AND LT PLUS MINUS TIMES DOT }]
  [Exp ::= (*) Exp DOT ID LPAREN ExpList RPAREN , {RPAREN LBRACK RBRACK SEMICOLON COMMA AND LT PLUS MINUS TIMES DOT }]
  [Exp ::= (*) THIS , {RPAREN LBRACK RBRACK SEMICOLON COMMA AND LT PLUS MINUS TIMES DOT }]
  [Exp ::= (*) Exp PLUS Exp , {RPAREN LBRACK RBRACK SEMICOLON COMMA AND LT PLUS MINUS TIMES DOT }]
  [Exp ::= (*) Exp LBRACK Exp RBRACK , {RPAREN LBRACK RBRACK SEMICOLON COMMA AND LT PLUS MINUS TIMES DOT }]
  [Exp ::= (*) FALSE , {RPAREN LBRACK RBRACK SEMICOLON COMMA AND LT PLUS MINUS TIMES DOT }]
  [Exp ::= (*) EXCLAMATION Exp , {RPAREN LBRACK RBRACK SEMICOLON COMMA AND LT PLUS MINUS TIMES DOT }]
  [Exp ::= (*) Exp AND Exp , {RPAREN LBRACK RBRACK SEMICOLON COMMA AND LT PLUS MINUS TIMES DOT }]
  [Exp ::= (*) INTEGER_LITERAL , {RPAREN LBRACK RBRACK SEMICOLON COMMA AND LT PLUS MINUS TIMES DOT }]
  [Exp ::= (*) NEW INT LBRACK Exp RBRACK , {RPAREN LBRACK RBRACK SEMICOLON COMMA AND LT PLUS MINUS TIMES DOT }]
}
transition on INTEGER_LITERAL to state [32]
transition on LPAREN to state [31]
transition on THIS to state [30]
transition on EXCLAMATION to state [29]
transition on ID to state [28]
transition on FALSE to state [27]
transition on Exp to state [52]
transition on TRUE to state [25]
transition on NEW to state [24]

-------------------
lalr_state [41]: {
  [Exp ::= Exp DOT (*) LENGTH , {RPAREN LBRACK RBRACK SEMICOLON COMMA AND LT PLUS MINUS TIMES DOT }]
  [Exp ::= Exp DOT (*) ID LPAREN ExpList RPAREN , {RPAREN LBRACK RBRACK SEMICOLON COMMA AND LT PLUS MINUS TIMES DOT }]
}
transition on LENGTH to state [43]
transition on ID to state [42]

-------------------
lalr_state [42]: {
  [Exp ::= Exp DOT ID (*) LPAREN ExpList RPAREN , {RPAREN LBRACK RBRACK SEMICOLON COMMA AND LT PLUS MINUS TIMES DOT }]
}
transition on LPAREN to state [44]

-------------------
lalr_state [43]: {
  [Exp ::= Exp DOT LENGTH (*) , {RPAREN LBRACK RBRACK SEMICOLON COMMA AND LT PLUS MINUS TIMES DOT }]
}

-------------------
lalr_state [44]: {
  [Exp ::= (*) Exp MINUS Exp , {RPAREN LBRACK COMMA AND LT PLUS MINUS TIMES DOT }]
  [Exp ::= (*) Exp DOT LENGTH , {RPAREN LBRACK COMMA AND LT PLUS MINUS TIMES DOT }]
  [Exp ::= (*) ID , {RPAREN LBRACK COMMA AND LT PLUS MINUS TIMES DOT }]
  [Exp ::= (*) LPAREN Exp RPAREN , {RPAREN LBRACK COMMA AND LT PLUS MINUS TIMES DOT }]
  [Exp ::= (*) Exp LT Exp , {RPAREN LBRACK COMMA AND LT PLUS MINUS TIMES DOT }]
  [Exp ::= (*) TRUE , {RPAREN LBRACK COMMA AND LT PLUS MINUS TIMES DOT }]
  [Exp ::= (*) NEW ID LPAREN RPAREN , {RPAREN LBRACK COMMA AND LT PLUS MINUS TIMES DOT }]
  [Exp ::= Exp DOT ID LPAREN (*) ExpList RPAREN , {RPAREN LBRACK RBRACK SEMICOLON COMMA AND LT PLUS MINUS TIMES DOT }]
  [Exp ::= (*) Exp TIMES Exp , {RPAREN LBRACK COMMA AND LT PLUS MINUS TIMES DOT }]
  [Exp ::= (*) Exp DOT ID LPAREN ExpList RPAREN , {RPAREN LBRACK COMMA AND LT PLUS MINUS TIMES DOT }]
  [Exp ::= (*) THIS , {RPAREN LBRACK COMMA AND LT PLUS MINUS TIMES DOT }]
  [ExpList ::= (*) Exp ExpRestStar , {RPAREN }]
  [Exp ::= (*) Exp PLUS Exp , {RPAREN LBRACK COMMA AND LT PLUS MINUS TIMES DOT }]
  [Exp ::= (*) Exp LBRACK Exp RBRACK , {RPAREN LBRACK COMMA AND LT PLUS MINUS TIMES DOT }]
  [Exp ::= (*) FALSE , {RPAREN LBRACK COMMA AND LT PLUS MINUS TIMES DOT }]
  [Exp ::= (*) EXCLAMATION Exp , {RPAREN LBRACK COMMA AND LT PLUS MINUS TIMES DOT }]
  [Exp ::= (*) Exp AND Exp , {RPAREN LBRACK COMMA AND LT PLUS MINUS TIMES DOT }]
  [Exp ::= (*) INTEGER_LITERAL , {RPAREN LBRACK COMMA AND LT PLUS MINUS TIMES DOT }]
  [Exp ::= (*) NEW INT LBRACK Exp RBRACK , {RPAREN LBRACK COMMA AND LT PLUS MINUS TIMES DOT }]
  [ExpList ::= (*) , {RPAREN }]
}
transition on INTEGER_LITERAL to state [32]
transition on LPAREN to state [31]
transition on THIS to state [30]
transition on EXCLAMATION to state [29]
transition on ID to state [28]
transition on FALSE to state [27]
transition on ExpList to state [46]
transition on Exp to state [45]
transition on TRUE to state [25]
transition on NEW to state [24]

-------------------
lalr_state [45]: {
  [Exp ::= Exp (*) LBRACK Exp RBRACK , {RPAREN LBRACK COMMA AND LT PLUS MINUS TIMES DOT }]
  [Exp ::= Exp (*) TIMES Exp , {RPAREN LBRACK COMMA AND LT PLUS MINUS TIMES DOT }]
  [ExpRestStar ::= (*) ExpRestStar ExpRest , {RPAREN COMMA }]
  [Exp ::= Exp (*) DOT ID LPAREN ExpList RPAREN , {RPAREN LBRACK COMMA AND LT PLUS MINUS TIMES DOT }]
  [Exp ::= Exp (*) LT Exp , {RPAREN LBRACK COMMA AND LT PLUS MINUS TIMES DOT }]
  [Exp ::= Exp (*) MINUS Exp , {RPAREN LBRACK COMMA AND LT PLUS MINUS TIMES DOT }]
  [Exp ::= Exp (*) DOT LENGTH , {RPAREN LBRACK COMMA AND LT PLUS MINUS TIMES DOT }]
  [Exp ::= Exp (*) AND Exp , {RPAREN LBRACK COMMA AND LT PLUS MINUS TIMES DOT }]
  [Exp ::= Exp (*) PLUS Exp , {RPAREN LBRACK COMMA AND LT PLUS MINUS TIMES DOT }]
  [ExpRestStar ::= (*) , {RPAREN COMMA }]
  [ExpList ::= Exp (*) ExpRestStar , {RPAREN }]
}
transition on DOT to state [41]
transition on TIMES to state [40]
transition on LBRACK to state [39]
transition on MINUS to state [38]
transition on PLUS to state [37]
transition on ExpRestStar to state [48]
transition on AND to state [36]
transition on LT to state [34]

-------------------
lalr_state [46]: {
  [Exp ::= Exp DOT ID LPAREN ExpList (*) RPAREN , {RPAREN LBRACK RBRACK SEMICOLON COMMA AND LT PLUS MINUS TIMES DOT }]
}
transition on RPAREN to state [47]

-------------------
lalr_state [47]: {
  [Exp ::= Exp DOT ID LPAREN ExpList RPAREN (*) , {RPAREN LBRACK RBRACK SEMICOLON COMMA AND LT PLUS MINUS TIMES DOT }]
}

-------------------
lalr_state [48]: {
  [ExpList ::= Exp ExpRestStar (*) , {RPAREN }]
  [ExpRestStar ::= ExpRestStar (*) ExpRest , {RPAREN COMMA }]
  [ExpRest ::= (*) COMMA Exp , {RPAREN COMMA }]
}
transition on ExpRest to state [50]
transition on COMMA to state [49]

-------------------
lalr_state [49]: {
  [Exp ::= (*) Exp MINUS Exp , {RPAREN LBRACK COMMA AND LT PLUS MINUS TIMES DOT }]
  [Exp ::= (*) Exp DOT LENGTH , {RPAREN LBRACK COMMA AND LT PLUS MINUS TIMES DOT }]
  [Exp ::= (*) ID , {RPAREN LBRACK COMMA AND LT PLUS MINUS TIMES DOT }]
  [ExpRest ::= COMMA (*) Exp , {RPAREN COMMA }]
  [Exp ::= (*) LPAREN Exp RPAREN , {RPAREN LBRACK COMMA AND LT PLUS MINUS TIMES DOT }]
  [Exp ::= (*) Exp LT Exp , {RPAREN LBRACK COMMA AND LT PLUS MINUS TIMES DOT }]
  [Exp ::= (*) TRUE , {RPAREN LBRACK COMMA AND LT PLUS MINUS TIMES DOT }]
  [Exp ::= (*) NEW ID LPAREN RPAREN , {RPAREN LBRACK COMMA AND LT PLUS MINUS TIMES DOT }]
  [Exp ::= (*) Exp TIMES Exp , {RPAREN LBRACK COMMA AND LT PLUS MINUS TIMES DOT }]
  [Exp ::= (*) Exp DOT ID LPAREN ExpList RPAREN , {RPAREN LBRACK COMMA AND LT PLUS MINUS TIMES DOT }]
  [Exp ::= (*) THIS , {RPAREN LBRACK COMMA AND LT PLUS MINUS TIMES DOT }]
  [Exp ::= (*) Exp PLUS Exp , {RPAREN LBRACK COMMA AND LT PLUS MINUS TIMES DOT }]
  [Exp ::= (*) Exp LBRACK Exp RBRACK , {RPAREN LBRACK COMMA AND LT PLUS MINUS TIMES DOT }]
  [Exp ::= (*) FALSE , {RPAREN LBRACK COMMA AND LT PLUS MINUS TIMES DOT }]
  [Exp ::= (*) EXCLAMATION Exp , {RPAREN LBRACK COMMA AND LT PLUS MINUS TIMES DOT }]
  [Exp ::= (*) Exp AND Exp , {RPAREN LBRACK COMMA AND LT PLUS MINUS TIMES DOT }]
  [Exp ::= (*) INTEGER_LITERAL , {RPAREN LBRACK COMMA AND LT PLUS MINUS TIMES DOT }]
  [Exp ::= (*) NEW INT LBRACK Exp RBRACK , {RPAREN LBRACK COMMA AND LT PLUS MINUS TIMES DOT }]
}
transition on INTEGER_LITERAL to state [32]
transition on LPAREN to state [31]
transition on THIS to state [30]
transition on EXCLAMATION to state [29]
transition on ID to state [28]
transition on FALSE to state [27]
transition on Exp to state [51]
transition on TRUE to state [25]
transition on NEW to state [24]

-------------------
lalr_state [50]: {
  [ExpRestStar ::= ExpRestStar ExpRest (*) , {RPAREN COMMA }]
}

-------------------
lalr_state [51]: {
  [Exp ::= Exp (*) LBRACK Exp RBRACK , {RPAREN LBRACK COMMA AND LT PLUS MINUS TIMES DOT }]
  [Exp ::= Exp (*) TIMES Exp , {RPAREN LBRACK COMMA AND LT PLUS MINUS TIMES DOT }]
  [Exp ::= Exp (*) DOT ID LPAREN ExpList RPAREN , {RPAREN LBRACK COMMA AND LT PLUS MINUS TIMES DOT }]
  [Exp ::= Exp (*) LT Exp , {RPAREN LBRACK COMMA AND LT PLUS MINUS TIMES DOT }]
  [Exp ::= Exp (*) MINUS Exp , {RPAREN LBRACK COMMA AND LT PLUS MINUS TIMES DOT }]
  [ExpRest ::= COMMA Exp (*) , {RPAREN COMMA }]
  [Exp ::= Exp (*) DOT LENGTH , {RPAREN LBRACK COMMA AND LT PLUS MINUS TIMES DOT }]
  [Exp ::= Exp (*) AND Exp , {RPAREN LBRACK COMMA AND LT PLUS MINUS TIMES DOT }]
  [Exp ::= Exp (*) PLUS Exp , {RPAREN LBRACK COMMA AND LT PLUS MINUS TIMES DOT }]
}
transition on DOT to state [41]
transition on TIMES to state [40]
transition on LBRACK to state [39]
transition on MINUS to state [38]
transition on PLUS to state [37]
transition on AND to state [36]
transition on LT to state [34]

-------------------
lalr_state [52]: {
  [Exp ::= Exp TIMES Exp (*) , {RPAREN LBRACK RBRACK SEMICOLON COMMA AND LT PLUS MINUS TIMES DOT }]
  [Exp ::= Exp (*) LBRACK Exp RBRACK , {RPAREN LBRACK RBRACK SEMICOLON COMMA AND LT PLUS MINUS TIMES DOT }]
  [Exp ::= Exp (*) TIMES Exp , {RPAREN LBRACK RBRACK SEMICOLON COMMA AND LT PLUS MINUS TIMES DOT }]
  [Exp ::= Exp (*) DOT ID LPAREN ExpList RPAREN , {RPAREN LBRACK RBRACK SEMICOLON COMMA AND LT PLUS MINUS TIMES DOT }]
  [Exp ::= Exp (*) LT Exp , {RPAREN LBRACK RBRACK SEMICOLON COMMA AND LT PLUS MINUS TIMES DOT }]
  [Exp ::= Exp (*) MINUS Exp , {RPAREN LBRACK RBRACK SEMICOLON COMMA AND LT PLUS MINUS TIMES DOT }]
  [Exp ::= Exp (*) DOT LENGTH , {RPAREN LBRACK RBRACK SEMICOLON COMMA AND LT PLUS MINUS TIMES DOT }]
  [Exp ::= Exp (*) AND Exp , {RPAREN LBRACK RBRACK SEMICOLON COMMA AND LT PLUS MINUS TIMES DOT }]
  [Exp ::= Exp (*) PLUS Exp , {RPAREN LBRACK RBRACK SEMICOLON COMMA AND LT PLUS MINUS TIMES DOT }]
}
transition on DOT to state [41]
transition on TIMES to state [40]
transition on LBRACK to state [39]
transition on MINUS to state [38]
transition on PLUS to state [37]
transition on AND to state [36]
transition on LT to state [34]

-------------------
lalr_state [53]: {
  [Exp ::= Exp LBRACK Exp (*) RBRACK , {RPAREN LBRACK RBRACK SEMICOLON COMMA AND LT PLUS MINUS TIMES DOT }]
  [Exp ::= Exp (*) LBRACK Exp RBRACK , {LBRACK RBRACK AND LT PLUS MINUS TIMES DOT }]
  [Exp ::= Exp (*) TIMES Exp , {LBRACK RBRACK AND LT PLUS MINUS TIMES DOT }]
  [Exp ::= Exp (*) DOT ID LPAREN ExpList RPAREN , {LBRACK RBRACK AND LT PLUS MINUS TIMES DOT }]
  [Exp ::= Exp (*) LT Exp , {LBRACK RBRACK AND LT PLUS MINUS TIMES DOT }]
  [Exp ::= Exp (*) MINUS Exp , {LBRACK RBRACK AND LT PLUS MINUS TIMES DOT }]
  [Exp ::= Exp (*) DOT LENGTH , {LBRACK RBRACK AND LT PLUS MINUS TIMES DOT }]
  [Exp ::= Exp (*) AND Exp , {LBRACK RBRACK AND LT PLUS MINUS TIMES DOT }]
  [Exp ::= Exp (*) PLUS Exp , {LBRACK RBRACK AND LT PLUS MINUS TIMES DOT }]
}
transition on DOT to state [41]
transition on TIMES to state [40]
transition on LBRACK to state [39]
transition on MINUS to state [38]
transition on PLUS to state [37]
transition on AND to state [36]
transition on LT to state [34]
transition on RBRACK to state [54]

-------------------
lalr_state [54]: {
  [Exp ::= Exp LBRACK Exp RBRACK (*) , {RPAREN LBRACK RBRACK SEMICOLON COMMA AND LT PLUS MINUS TIMES DOT }]
}

-------------------
lalr_state [55]: {
  [Exp ::= Exp (*) LBRACK Exp RBRACK , {RPAREN LBRACK RBRACK SEMICOLON COMMA AND LT PLUS MINUS TIMES DOT }]
  [Exp ::= Exp (*) TIMES Exp , {RPAREN LBRACK RBRACK SEMICOLON COMMA AND LT PLUS MINUS TIMES DOT }]
  [Exp ::= Exp MINUS Exp (*) , {RPAREN LBRACK RBRACK SEMICOLON COMMA AND LT PLUS MINUS TIMES DOT }]
  [Exp ::= Exp (*) DOT ID LPAREN ExpList RPAREN , {RPAREN LBRACK RBRACK SEMICOLON COMMA AND LT PLUS MINUS TIMES DOT }]
  [Exp ::= Exp (*) LT Exp , {RPAREN LBRACK RBRACK SEMICOLON COMMA AND LT PLUS MINUS TIMES DOT }]
  [Exp ::= Exp (*) MINUS Exp , {RPAREN LBRACK RBRACK SEMICOLON COMMA AND LT PLUS MINUS TIMES DOT }]
  [Exp ::= Exp (*) DOT LENGTH , {RPAREN LBRACK RBRACK SEMICOLON COMMA AND LT PLUS MINUS TIMES DOT }]
  [Exp ::= Exp (*) AND Exp , {RPAREN LBRACK RBRACK SEMICOLON COMMA AND LT PLUS MINUS TIMES DOT }]
  [Exp ::= Exp (*) PLUS Exp , {RPAREN LBRACK RBRACK SEMICOLON COMMA AND LT PLUS MINUS TIMES DOT }]
}
transition on DOT to state [41]
transition on TIMES to state [40]
transition on LBRACK to state [39]
transition on MINUS to state [38]
transition on PLUS to state [37]
transition on AND to state [36]
transition on LT to state [34]

-------------------
lalr_state [56]: {
  [Exp ::= Exp (*) LBRACK Exp RBRACK , {RPAREN LBRACK RBRACK SEMICOLON COMMA AND LT PLUS MINUS TIMES DOT }]
  [Exp ::= Exp (*) TIMES Exp , {RPAREN LBRACK RBRACK SEMICOLON COMMA AND LT PLUS MINUS TIMES DOT }]
  [Exp ::= Exp (*) DOT ID LPAREN ExpList RPAREN , {RPAREN LBRACK RBRACK SEMICOLON COMMA AND LT PLUS MINUS TIMES DOT }]
  [Exp ::= Exp (*) LT Exp , {RPAREN LBRACK RBRACK SEMICOLON COMMA AND LT PLUS MINUS TIMES DOT }]
  [Exp ::= Exp (*) MINUS Exp , {RPAREN LBRACK RBRACK SEMICOLON COMMA AND LT PLUS MINUS TIMES DOT }]
  [Exp ::= Exp (*) DOT LENGTH , {RPAREN LBRACK RBRACK SEMICOLON COMMA AND LT PLUS MINUS TIMES DOT }]
  [Exp ::= Exp PLUS Exp (*) , {RPAREN LBRACK RBRACK SEMICOLON COMMA AND LT PLUS MINUS TIMES DOT }]
  [Exp ::= Exp (*) AND Exp , {RPAREN LBRACK RBRACK SEMICOLON COMMA AND LT PLUS MINUS TIMES DOT }]
  [Exp ::= Exp (*) PLUS Exp , {RPAREN LBRACK RBRACK SEMICOLON COMMA AND LT PLUS MINUS TIMES DOT }]
}
transition on DOT to state [41]
transition on TIMES to state [40]
transition on LBRACK to state [39]
transition on MINUS to state [38]
transition on PLUS to state [37]
transition on AND to state [36]
transition on LT to state [34]

-------------------
lalr_state [57]: {
  [Exp ::= Exp (*) LBRACK Exp RBRACK , {RPAREN LBRACK RBRACK SEMICOLON COMMA AND LT PLUS MINUS TIMES DOT }]
  [Exp ::= Exp (*) TIMES Exp , {RPAREN LBRACK RBRACK SEMICOLON COMMA AND LT PLUS MINUS TIMES DOT }]
  [Exp ::= Exp (*) DOT ID LPAREN ExpList RPAREN , {RPAREN LBRACK RBRACK SEMICOLON COMMA AND LT PLUS MINUS TIMES DOT }]
  [Exp ::= Exp (*) LT Exp , {RPAREN LBRACK RBRACK SEMICOLON COMMA AND LT PLUS MINUS TIMES DOT }]
  [Exp ::= Exp (*) MINUS Exp , {RPAREN LBRACK RBRACK SEMICOLON COMMA AND LT PLUS MINUS TIMES DOT }]
  [Exp ::= Exp AND Exp (*) , {RPAREN LBRACK RBRACK SEMICOLON COMMA AND LT PLUS MINUS TIMES DOT }]
  [Exp ::= Exp (*) DOT LENGTH , {RPAREN LBRACK RBRACK SEMICOLON COMMA AND LT PLUS MINUS TIMES DOT }]
  [Exp ::= Exp (*) AND Exp , {RPAREN LBRACK RBRACK SEMICOLON COMMA AND LT PLUS MINUS TIMES DOT }]
  [Exp ::= Exp (*) PLUS Exp , {RPAREN LBRACK RBRACK SEMICOLON COMMA AND LT PLUS MINUS TIMES DOT }]
}
transition on DOT to state [41]
transition on TIMES to state [40]
transition on LBRACK to state [39]
transition on MINUS to state [38]
transition on PLUS to state [37]
transition on AND to state [36]
transition on LT to state [34]

-------------------
lalr_state [58]: {
  [Exp ::= Exp (*) LBRACK Exp RBRACK , {RPAREN LBRACK RBRACK SEMICOLON COMMA AND LT PLUS MINUS TIMES DOT }]
  [Exp ::= Exp (*) TIMES Exp , {RPAREN LBRACK RBRACK SEMICOLON COMMA AND LT PLUS MINUS TIMES DOT }]
  [Exp ::= Exp LT Exp (*) , {RPAREN LBRACK RBRACK SEMICOLON COMMA AND LT PLUS MINUS TIMES DOT }]
  [Exp ::= Exp (*) DOT ID LPAREN ExpList RPAREN , {RPAREN LBRACK RBRACK SEMICOLON COMMA AND LT PLUS MINUS TIMES DOT }]
  [Exp ::= Exp (*) LT Exp , {RPAREN LBRACK RBRACK SEMICOLON COMMA AND LT PLUS MINUS TIMES DOT }]
  [Exp ::= Exp (*) MINUS Exp , {RPAREN LBRACK RBRACK SEMICOLON COMMA AND LT PLUS MINUS TIMES DOT }]
  [Exp ::= Exp (*) DOT LENGTH , {RPAREN LBRACK RBRACK SEMICOLON COMMA AND LT PLUS MINUS TIMES DOT }]
  [Exp ::= Exp (*) AND Exp , {RPAREN LBRACK RBRACK SEMICOLON COMMA AND LT PLUS MINUS TIMES DOT }]
  [Exp ::= Exp (*) PLUS Exp , {RPAREN LBRACK RBRACK SEMICOLON COMMA AND LT PLUS MINUS TIMES DOT }]
}
transition on DOT to state [41]
transition on TIMES to state [40]
transition on LBRACK to state [39]
transition on MINUS to state [38]
transition on PLUS to state [37]
transition on AND to state [36]
transition on LT to state [34]

-------------------
lalr_state [59]: {
  [Exp ::= Exp (*) LBRACK Exp RBRACK , {RPAREN LBRACK RBRACK SEMICOLON COMMA AND LT PLUS MINUS TIMES DOT }]
  [Exp ::= Exp (*) TIMES Exp , {RPAREN LBRACK RBRACK SEMICOLON COMMA AND LT PLUS MINUS TIMES DOT }]
  [Exp ::= Exp (*) DOT ID LPAREN ExpList RPAREN , {RPAREN LBRACK RBRACK SEMICOLON COMMA AND LT PLUS MINUS TIMES DOT }]
  [Exp ::= Exp (*) LT Exp , {RPAREN LBRACK RBRACK SEMICOLON COMMA AND LT PLUS MINUS TIMES DOT }]
  [Exp ::= Exp (*) MINUS Exp , {RPAREN LBRACK RBRACK SEMICOLON COMMA AND LT PLUS MINUS TIMES DOT }]
  [Exp ::= EXCLAMATION Exp (*) , {RPAREN LBRACK RBRACK SEMICOLON COMMA AND LT PLUS MINUS TIMES DOT }]
  [Exp ::= Exp (*) DOT LENGTH , {RPAREN LBRACK RBRACK SEMICOLON COMMA AND LT PLUS MINUS TIMES DOT }]
  [Exp ::= Exp (*) AND Exp , {RPAREN LBRACK RBRACK SEMICOLON COMMA AND LT PLUS MINUS TIMES DOT }]
  [Exp ::= Exp (*) PLUS Exp , {RPAREN LBRACK RBRACK SEMICOLON COMMA AND LT PLUS MINUS TIMES DOT }]
}
transition on DOT to state [41]
transition on TIMES to state [40]
transition on LBRACK to state [39]
transition on MINUS to state [38]
transition on PLUS to state [37]
transition on AND to state [36]
transition on LT to state [34]

-------------------
lalr_state [60]: {
  [Statement ::= PRINTLN LPAREN Exp RPAREN (*) SEMICOLON , {ID RETURN IF ELSE WHILE PRINTLN LBRACE RBRACE }]
}
transition on SEMICOLON to state [61]

-------------------
lalr_state [61]: {
  [Statement ::= PRINTLN LPAREN Exp RPAREN SEMICOLON (*) , {ID RETURN IF ELSE WHILE PRINTLN LBRACE RBRACE }]
}

-------------------
lalr_state [62]: {
  [Exp ::= NEW ID (*) LPAREN RPAREN , {RPAREN LBRACK RBRACK SEMICOLON COMMA AND LT PLUS MINUS TIMES DOT }]
}
transition on LPAREN to state [67]

-------------------
lalr_state [63]: {
  [Exp ::= NEW INT (*) LBRACK Exp RBRACK , {RPAREN LBRACK RBRACK SEMICOLON COMMA AND LT PLUS MINUS TIMES DOT }]
}
transition on LBRACK to state [64]

-------------------
lalr_state [64]: {
  [Exp ::= (*) Exp MINUS Exp , {LBRACK RBRACK AND LT PLUS MINUS TIMES DOT }]
  [Exp ::= (*) Exp DOT LENGTH , {LBRACK RBRACK AND LT PLUS MINUS TIMES DOT }]
  [Exp ::= (*) ID , {LBRACK RBRACK AND LT PLUS MINUS TIMES DOT }]
  [Exp ::= (*) LPAREN Exp RPAREN , {LBRACK RBRACK AND LT PLUS MINUS TIMES DOT }]
  [Exp ::= (*) Exp LT Exp , {LBRACK RBRACK AND LT PLUS MINUS TIMES DOT }]
  [Exp ::= (*) TRUE , {LBRACK RBRACK AND LT PLUS MINUS TIMES DOT }]
  [Exp ::= (*) NEW ID LPAREN RPAREN , {LBRACK RBRACK AND LT PLUS MINUS TIMES DOT }]
  [Exp ::= (*) Exp TIMES Exp , {LBRACK RBRACK AND LT PLUS MINUS TIMES DOT }]
  [Exp ::= (*) Exp DOT ID LPAREN ExpList RPAREN , {LBRACK RBRACK AND LT PLUS MINUS TIMES DOT }]
  [Exp ::= (*) THIS , {LBRACK RBRACK AND LT PLUS MINUS TIMES DOT }]
  [Exp ::= (*) Exp PLUS Exp , {LBRACK RBRACK AND LT PLUS MINUS TIMES DOT }]
  [Exp ::= (*) Exp LBRACK Exp RBRACK , {LBRACK RBRACK AND LT PLUS MINUS TIMES DOT }]
  [Exp ::= (*) FALSE , {LBRACK RBRACK AND LT PLUS MINUS TIMES DOT }]
  [Exp ::= (*) EXCLAMATION Exp , {LBRACK RBRACK AND LT PLUS MINUS TIMES DOT }]
  [Exp ::= NEW INT LBRACK (*) Exp RBRACK , {RPAREN LBRACK RBRACK SEMICOLON COMMA AND LT PLUS MINUS TIMES DOT }]
  [Exp ::= (*) Exp AND Exp , {LBRACK RBRACK AND LT PLUS MINUS TIMES DOT }]
  [Exp ::= (*) INTEGER_LITERAL , {LBRACK RBRACK AND LT PLUS MINUS TIMES DOT }]
  [Exp ::= (*) NEW INT LBRACK Exp RBRACK , {LBRACK RBRACK AND LT PLUS MINUS TIMES DOT }]
}
transition on INTEGER_LITERAL to state [32]
transition on LPAREN to state [31]
transition on THIS to state [30]
transition on EXCLAMATION to state [29]
transition on ID to state [28]
transition on FALSE to state [27]
transition on Exp to state [65]
transition on TRUE to state [25]
transition on NEW to state [24]

-------------------
lalr_state [65]: {
  [Exp ::= Exp (*) LBRACK Exp RBRACK , {LBRACK RBRACK AND LT PLUS MINUS TIMES DOT }]
  [Exp ::= Exp (*) TIMES Exp , {LBRACK RBRACK AND LT PLUS MINUS TIMES DOT }]
  [Exp ::= NEW INT LBRACK Exp (*) RBRACK , {RPAREN LBRACK RBRACK SEMICOLON COMMA AND LT PLUS MINUS TIMES DOT }]
  [Exp ::= Exp (*) DOT ID LPAREN ExpList RPAREN , {LBRACK RBRACK AND LT PLUS MINUS TIMES DOT }]
  [Exp ::= Exp (*) LT Exp , {LBRACK RBRACK AND LT PLUS MINUS TIMES DOT }]
  [Exp ::= Exp (*) MINUS Exp , {LBRACK RBRACK AND LT PLUS MINUS TIMES DOT }]
  [Exp ::= Exp (*) DOT LENGTH , {LBRACK RBRACK AND LT PLUS MINUS TIMES DOT }]
  [Exp ::= Exp (*) AND Exp , {LBRACK RBRACK AND LT PLUS MINUS TIMES DOT }]
  [Exp ::= Exp (*) PLUS Exp , {LBRACK RBRACK AND LT PLUS MINUS TIMES DOT }]
}
transition on DOT to state [41]
transition on TIMES to state [40]
transition on LBRACK to state [39]
transition on MINUS to state [38]
transition on PLUS to state [37]
transition on AND to state [36]
transition on LT to state [34]
transition on RBRACK to state [66]

-------------------
lalr_state [66]: {
  [Exp ::= NEW INT LBRACK Exp RBRACK (*) , {RPAREN LBRACK RBRACK SEMICOLON COMMA AND LT PLUS MINUS TIMES DOT }]
}

-------------------
lalr_state [67]: {
  [Exp ::= NEW ID LPAREN (*) RPAREN , {RPAREN LBRACK RBRACK SEMICOLON COMMA AND LT PLUS MINUS TIMES DOT }]
}
transition on RPAREN to state [68]

-------------------
lalr_state [68]: {
  [Exp ::= NEW ID LPAREN RPAREN (*) , {RPAREN LBRACK RBRACK SEMICOLON COMMA AND LT PLUS MINUS TIMES DOT }]
}

-------------------
lalr_state [69]: {
  [Exp ::= (*) Exp MINUS Exp , {RPAREN LBRACK AND LT PLUS MINUS TIMES DOT }]
  [Exp ::= (*) Exp DOT LENGTH , {RPAREN LBRACK AND LT PLUS MINUS TIMES DOT }]
  [Exp ::= (*) ID , {RPAREN LBRACK AND LT PLUS MINUS TIMES DOT }]
  [Exp ::= (*) LPAREN Exp RPAREN , {RPAREN LBRACK AND LT PLUS MINUS TIMES DOT }]
  [Exp ::= (*) Exp LT Exp , {RPAREN LBRACK AND LT PLUS MINUS TIMES DOT }]
  [Exp ::= (*) TRUE , {RPAREN LBRACK AND LT PLUS MINUS TIMES DOT }]
  [Exp ::= (*) NEW ID LPAREN RPAREN , {RPAREN LBRACK AND LT PLUS MINUS TIMES DOT }]
  [Exp ::= (*) Exp TIMES Exp , {RPAREN LBRACK AND LT PLUS MINUS TIMES DOT }]
  [Exp ::= (*) Exp DOT ID LPAREN ExpList RPAREN , {RPAREN LBRACK AND LT PLUS MINUS TIMES DOT }]
  [Exp ::= (*) THIS , {RPAREN LBRACK AND LT PLUS MINUS TIMES DOT }]
  [Statement ::= IF LPAREN (*) Exp RPAREN Statement ELSE Statement , {ID RETURN IF ELSE WHILE PRINTLN LBRACE RBRACE }]
  [Exp ::= (*) Exp PLUS Exp , {RPAREN LBRACK AND LT PLUS MINUS TIMES DOT }]
  [Exp ::= (*) Exp LBRACK Exp RBRACK , {RPAREN LBRACK AND LT PLUS MINUS TIMES DOT }]
  [Exp ::= (*) FALSE , {RPAREN LBRACK AND LT PLUS MINUS TIMES DOT }]
  [Exp ::= (*) EXCLAMATION Exp , {RPAREN LBRACK AND LT PLUS MINUS TIMES DOT }]
  [Exp ::= (*) Exp AND Exp , {RPAREN LBRACK AND LT PLUS MINUS TIMES DOT }]
  [Exp ::= (*) INTEGER_LITERAL , {RPAREN LBRACK AND LT PLUS MINUS TIMES DOT }]
  [Exp ::= (*) NEW INT LBRACK Exp RBRACK , {RPAREN LBRACK AND LT PLUS MINUS TIMES DOT }]
}
transition on INTEGER_LITERAL to state [32]
transition on LPAREN to state [31]
transition on THIS to state [30]
transition on EXCLAMATION to state [29]
transition on ID to state [28]
transition on FALSE to state [27]
transition on Exp to state [70]
transition on TRUE to state [25]
transition on NEW to state [24]

-------------------
lalr_state [70]: {
  [Exp ::= Exp (*) LBRACK Exp RBRACK , {RPAREN LBRACK AND LT PLUS MINUS TIMES DOT }]
  [Exp ::= Exp (*) TIMES Exp , {RPAREN LBRACK AND LT PLUS MINUS TIMES DOT }]
  [Exp ::= Exp (*) DOT ID LPAREN ExpList RPAREN , {RPAREN LBRACK AND LT PLUS MINUS TIMES DOT }]
  [Exp ::= Exp (*) LT Exp , {RPAREN LBRACK AND LT PLUS MINUS TIMES DOT }]
  [Exp ::= Exp (*) MINUS Exp , {RPAREN LBRACK AND LT PLUS MINUS TIMES DOT }]
  [Statement ::= IF LPAREN Exp (*) RPAREN Statement ELSE Statement , {ID RETURN IF ELSE WHILE PRINTLN LBRACE RBRACE }]
  [Exp ::= Exp (*) DOT LENGTH , {RPAREN LBRACK AND LT PLUS MINUS TIMES DOT }]
  [Exp ::= Exp (*) AND Exp , {RPAREN LBRACK AND LT PLUS MINUS TIMES DOT }]
  [Exp ::= Exp (*) PLUS Exp , {RPAREN LBRACK AND LT PLUS MINUS TIMES DOT }]
}
transition on DOT to state [41]
transition on TIMES to state [40]
transition on LBRACK to state [39]
transition on MINUS to state [38]
transition on PLUS to state [37]
transition on AND to state [36]
transition on RPAREN to state [71]
transition on LT to state [34]

-------------------
lalr_state [71]: {
  [Statement ::= (*) ID ASSIGN Exp SEMICOLON , {ELSE }]
  [Statement ::= (*) IF LPAREN Exp RPAREN Statement ELSE Statement , {ELSE }]
  [Statement ::= (*) PRINTLN LPAREN Exp RPAREN SEMICOLON , {ELSE }]
  [Statement ::= (*) LBRACE StatementStar RBRACE , {ELSE }]
  [Statement ::= (*) ID LBRACK Exp RBRACK ASSIGN Exp SEMICOLON , {ELSE }]
  [Statement ::= (*) WHILE LPAREN Exp RPAREN Statement , {ELSE }]
  [Statement ::= IF LPAREN Exp RPAREN (*) Statement ELSE Statement , {ID RETURN IF ELSE WHILE PRINTLN LBRACE RBRACE }]
}
transition on PRINTLN to state [22]
transition on IF to state [21]
transition on WHILE to state [20]
transition on Statement to state [72]
transition on LBRACE to state [18]
transition on ID to state [17]

-------------------
lalr_state [72]: {
  [Statement ::= IF LPAREN Exp RPAREN Statement (*) ELSE Statement , {ID RETURN IF ELSE WHILE PRINTLN LBRACE RBRACE }]
}
transition on ELSE to state [73]

-------------------
lalr_state [73]: {
  [Statement ::= (*) ID ASSIGN Exp SEMICOLON , {ID RETURN IF ELSE WHILE PRINTLN LBRACE RBRACE }]
  [Statement ::= (*) IF LPAREN Exp RPAREN Statement ELSE Statement , {ID RETURN IF ELSE WHILE PRINTLN LBRACE RBRACE }]
  [Statement ::= (*) PRINTLN LPAREN Exp RPAREN SEMICOLON , {ID RETURN IF ELSE WHILE PRINTLN LBRACE RBRACE }]
  [Statement ::= (*) LBRACE StatementStar RBRACE , {ID RETURN IF ELSE WHILE PRINTLN LBRACE RBRACE }]
  [Statement ::= IF LPAREN Exp RPAREN Statement ELSE (*) Statement , {ID RETURN IF ELSE WHILE PRINTLN LBRACE RBRACE }]
  [Statement ::= (*) ID LBRACK Exp RBRACK ASSIGN Exp SEMICOLON , {ID RETURN IF ELSE WHILE PRINTLN LBRACE RBRACE }]
  [Statement ::= (*) WHILE LPAREN Exp RPAREN Statement , {ID RETURN IF ELSE WHILE PRINTLN LBRACE RBRACE }]
}
transition on PRINTLN to state [22]
transition on IF to state [21]
transition on WHILE to state [20]
transition on Statement to state [74]
transition on LBRACE to state [18]
transition on ID to state [17]

-------------------
lalr_state [74]: {
  [Statement ::= IF LPAREN Exp RPAREN Statement ELSE Statement (*) , {ID RETURN IF ELSE WHILE PRINTLN LBRACE RBRACE }]
}

-------------------
lalr_state [75]: {
  [Statement ::= WHILE LPAREN (*) Exp RPAREN Statement , {ID RETURN IF ELSE WHILE PRINTLN LBRACE RBRACE }]
  [Exp ::= (*) Exp MINUS Exp , {RPAREN LBRACK AND LT PLUS MINUS TIMES DOT }]
  [Exp ::= (*) Exp DOT LENGTH , {RPAREN LBRACK AND LT PLUS MINUS TIMES DOT }]
  [Exp ::= (*) ID , {RPAREN LBRACK AND LT PLUS MINUS TIMES DOT }]
  [Exp ::= (*) LPAREN Exp RPAREN , {RPAREN LBRACK AND LT PLUS MINUS TIMES DOT }]
  [Exp ::= (*) Exp LT Exp , {RPAREN LBRACK AND LT PLUS MINUS TIMES DOT }]
  [Exp ::= (*) TRUE , {RPAREN LBRACK AND LT PLUS MINUS TIMES DOT }]
  [Exp ::= (*) NEW ID LPAREN RPAREN , {RPAREN LBRACK AND LT PLUS MINUS TIMES DOT }]
  [Exp ::= (*) Exp TIMES Exp , {RPAREN LBRACK AND LT PLUS MINUS TIMES DOT }]
  [Exp ::= (*) Exp DOT ID LPAREN ExpList RPAREN , {RPAREN LBRACK AND LT PLUS MINUS TIMES DOT }]
  [Exp ::= (*) THIS , {RPAREN LBRACK AND LT PLUS MINUS TIMES DOT }]
  [Exp ::= (*) Exp PLUS Exp , {RPAREN LBRACK AND LT PLUS MINUS TIMES DOT }]
  [Exp ::= (*) Exp LBRACK Exp RBRACK , {RPAREN LBRACK AND LT PLUS MINUS TIMES DOT }]
  [Exp ::= (*) FALSE , {RPAREN LBRACK AND LT PLUS MINUS TIMES DOT }]
  [Exp ::= (*) EXCLAMATION Exp , {RPAREN LBRACK AND LT PLUS MINUS TIMES DOT }]
  [Exp ::= (*) Exp AND Exp , {RPAREN LBRACK AND LT PLUS MINUS TIMES DOT }]
  [Exp ::= (*) INTEGER_LITERAL , {RPAREN LBRACK AND LT PLUS MINUS TIMES DOT }]
  [Exp ::= (*) NEW INT LBRACK Exp RBRACK , {RPAREN LBRACK AND LT PLUS MINUS TIMES DOT }]
}
transition on INTEGER_LITERAL to state [32]
transition on LPAREN to state [31]
transition on THIS to state [30]
transition on EXCLAMATION to state [29]
transition on ID to state [28]
transition on FALSE to state [27]
transition on Exp to state [76]
transition on TRUE to state [25]
transition on NEW to state [24]

-------------------
lalr_state [76]: {
  [Exp ::= Exp (*) LBRACK Exp RBRACK , {RPAREN LBRACK AND LT PLUS MINUS TIMES DOT }]
  [Statement ::= WHILE LPAREN Exp (*) RPAREN Statement , {ID RETURN IF ELSE WHILE PRINTLN LBRACE RBRACE }]
  [Exp ::= Exp (*) TIMES Exp , {RPAREN LBRACK AND LT PLUS MINUS TIMES DOT }]
  [Exp ::= Exp (*) DOT ID LPAREN ExpList RPAREN , {RPAREN LBRACK AND LT PLUS MINUS TIMES DOT }]
  [Exp ::= Exp (*) LT Exp , {RPAREN LBRACK AND LT PLUS MINUS TIMES DOT }]
  [Exp ::= Exp (*) MINUS Exp , {RPAREN LBRACK AND LT PLUS MINUS TIMES DOT }]
  [Exp ::= Exp (*) DOT LENGTH , {RPAREN LBRACK AND LT PLUS MINUS TIMES DOT }]
  [Exp ::= Exp (*) AND Exp , {RPAREN LBRACK AND LT PLUS MINUS TIMES DOT }]
  [Exp ::= Exp (*) PLUS Exp , {RPAREN LBRACK AND LT PLUS MINUS TIMES DOT }]
}
transition on DOT to state [41]
transition on TIMES to state [40]
transition on LBRACK to state [39]
transition on MINUS to state [38]
transition on PLUS to state [37]
transition on AND to state [36]
transition on RPAREN to state [77]
transition on LT to state [34]

-------------------
lalr_state [77]: {
  [Statement ::= (*) ID ASSIGN Exp SEMICOLON , {ID RETURN IF ELSE WHILE PRINTLN LBRACE RBRACE }]
  [Statement ::= (*) IF LPAREN Exp RPAREN Statement ELSE Statement , {ID RETURN IF ELSE WHILE PRINTLN LBRACE RBRACE }]
  [Statement ::= (*) PRINTLN LPAREN Exp RPAREN SEMICOLON , {ID RETURN IF ELSE WHILE PRINTLN LBRACE RBRACE }]
  [Statement ::= WHILE LPAREN Exp RPAREN (*) Statement , {ID RETURN IF ELSE WHILE PRINTLN LBRACE RBRACE }]
  [Statement ::= (*) LBRACE StatementStar RBRACE , {ID RETURN IF ELSE WHILE PRINTLN LBRACE RBRACE }]
  [Statement ::= (*) ID LBRACK Exp RBRACK ASSIGN Exp SEMICOLON , {ID RETURN IF ELSE WHILE PRINTLN LBRACE RBRACE }]
  [Statement ::= (*) WHILE LPAREN Exp RPAREN Statement , {ID RETURN IF ELSE WHILE PRINTLN LBRACE RBRACE }]
}
transition on PRINTLN to state [22]
transition on IF to state [21]
transition on WHILE to state [20]
transition on Statement to state [78]
transition on LBRACE to state [18]
transition on ID to state [17]

-------------------
lalr_state [78]: {
  [Statement ::= WHILE LPAREN Exp RPAREN Statement (*) , {ID RETURN IF ELSE WHILE PRINTLN LBRACE RBRACE }]
}

-------------------
lalr_state [79]: {
  [MainClass ::= CLASS ID LBRACE PUBLIC STATIC VOID MAIN LPAREN STRING LBRACK RBRACK ID RPAREN LBRACE Statement RBRACE (*) RBRACE , {EOF CLASS }]
}
transition on RBRACE to state [80]

-------------------
lalr_state [80]: {
  [MainClass ::= CLASS ID LBRACE PUBLIC STATIC VOID MAIN LPAREN STRING LBRACK RBRACK ID RPAREN LBRACE Statement RBRACE RBRACE (*) , {EOF CLASS }]
}

-------------------
lalr_state [81]: {
  [Statement ::= (*) ID LBRACK Exp RBRACK ASSIGN Exp SEMICOLON , {ID RETURN IF WHILE PRINTLN LBRACE RBRACE }]
  [Statement ::= (*) WHILE LPAREN Exp RPAREN Statement , {ID RETURN IF WHILE PRINTLN LBRACE RBRACE }]
  [StatementStar ::= (*) , {RETURN RBRACE }]
  [Statement ::= (*) ID ASSIGN Exp SEMICOLON , {ID RETURN IF WHILE PRINTLN LBRACE RBRACE }]
  [StatementStar ::= Statement (*) StatementStar , {RETURN RBRACE }]
  [Statement ::= (*) IF LPAREN Exp RPAREN Statement ELSE Statement , {ID RETURN IF WHILE PRINTLN LBRACE RBRACE }]
  [StatementStar ::= (*) Statement StatementStar , {RETURN RBRACE }]
  [Statement ::= (*) PRINTLN LPAREN Exp RPAREN SEMICOLON , {ID RETURN IF WHILE PRINTLN LBRACE RBRACE }]
  [Statement ::= (*) LBRACE StatementStar RBRACE , {ID RETURN IF WHILE PRINTLN LBRACE RBRACE }]
}
transition on StatementStar to state [84]
transition on PRINTLN to state [22]
transition on IF to state [21]
transition on WHILE to state [20]
transition on Statement to state [81]
transition on LBRACE to state [18]
transition on ID to state [17]

-------------------
lalr_state [82]: {
  [Statement ::= LBRACE StatementStar (*) RBRACE , {ID RETURN IF ELSE WHILE PRINTLN LBRACE RBRACE }]
}
transition on RBRACE to state [83]

-------------------
lalr_state [83]: {
  [Statement ::= LBRACE StatementStar RBRACE (*) , {ID RETURN IF ELSE WHILE PRINTLN LBRACE RBRACE }]
}

-------------------
lalr_state [84]: {
  [StatementStar ::= Statement StatementStar (*) , {RETURN RBRACE }]
}

-------------------
lalr_state [85]: {
  [Exp ::= (*) Exp MINUS Exp , {LBRACK RBRACK AND LT PLUS MINUS TIMES DOT }]
  [Exp ::= (*) Exp DOT LENGTH , {LBRACK RBRACK AND LT PLUS MINUS TIMES DOT }]
  [Exp ::= (*) ID , {LBRACK RBRACK AND LT PLUS MINUS TIMES DOT }]
  [Exp ::= (*) LPAREN Exp RPAREN , {LBRACK RBRACK AND LT PLUS MINUS TIMES DOT }]
  [Statement ::= ID LBRACK (*) Exp RBRACK ASSIGN Exp SEMICOLON , {ID RETURN IF ELSE WHILE PRINTLN LBRACE RBRACE }]
  [Exp ::= (*) Exp LT Exp , {LBRACK RBRACK AND LT PLUS MINUS TIMES DOT }]
  [Exp ::= (*) TRUE , {LBRACK RBRACK AND LT PLUS MINUS TIMES DOT }]
  [Exp ::= (*) NEW ID LPAREN RPAREN , {LBRACK RBRACK AND LT PLUS MINUS TIMES DOT }]
  [Exp ::= (*) Exp TIMES Exp , {LBRACK RBRACK AND LT PLUS MINUS TIMES DOT }]
  [Exp ::= (*) Exp DOT ID LPAREN ExpList RPAREN , {LBRACK RBRACK AND LT PLUS MINUS TIMES DOT }]
  [Exp ::= (*) THIS , {LBRACK RBRACK AND LT PLUS MINUS TIMES DOT }]
  [Exp ::= (*) Exp PLUS Exp , {LBRACK RBRACK AND LT PLUS MINUS TIMES DOT }]
  [Exp ::= (*) Exp LBRACK Exp RBRACK , {LBRACK RBRACK AND LT PLUS MINUS TIMES DOT }]
  [Exp ::= (*) FALSE , {LBRACK RBRACK AND LT PLUS MINUS TIMES DOT }]
  [Exp ::= (*) EXCLAMATION Exp , {LBRACK RBRACK AND LT PLUS MINUS TIMES DOT }]
  [Exp ::= (*) Exp AND Exp , {LBRACK RBRACK AND LT PLUS MINUS TIMES DOT }]
  [Exp ::= (*) INTEGER_LITERAL , {LBRACK RBRACK AND LT PLUS MINUS TIMES DOT }]
  [Exp ::= (*) NEW INT LBRACK Exp RBRACK , {LBRACK RBRACK AND LT PLUS MINUS TIMES DOT }]
}
transition on INTEGER_LITERAL to state [32]
transition on LPAREN to state [31]
transition on THIS to state [30]
transition on EXCLAMATION to state [29]
transition on ID to state [28]
transition on FALSE to state [27]
transition on Exp to state [89]
transition on TRUE to state [25]
transition on NEW to state [24]

-------------------
lalr_state [86]: {
  [Exp ::= (*) Exp MINUS Exp , {LBRACK SEMICOLON AND LT PLUS MINUS TIMES DOT }]
  [Exp ::= (*) Exp DOT LENGTH , {LBRACK SEMICOLON AND LT PLUS MINUS TIMES DOT }]
  [Exp ::= (*) ID , {LBRACK SEMICOLON AND LT PLUS MINUS TIMES DOT }]
  [Exp ::= (*) LPAREN Exp RPAREN , {LBRACK SEMICOLON AND LT PLUS MINUS TIMES DOT }]
  [Exp ::= (*) Exp LT Exp , {LBRACK SEMICOLON AND LT PLUS MINUS TIMES DOT }]
  [Exp ::= (*) TRUE , {LBRACK SEMICOLON AND LT PLUS MINUS TIMES DOT }]
  [Exp ::= (*) NEW ID LPAREN RPAREN , {LBRACK SEMICOLON AND LT PLUS MINUS TIMES DOT }]
  [Exp ::= (*) Exp TIMES Exp , {LBRACK SEMICOLON AND LT PLUS MINUS TIMES DOT }]
  [Exp ::= (*) Exp DOT ID LPAREN ExpList RPAREN , {LBRACK SEMICOLON AND LT PLUS MINUS TIMES DOT }]
  [Exp ::= (*) THIS , {LBRACK SEMICOLON AND LT PLUS MINUS TIMES DOT }]
  [Exp ::= (*) Exp PLUS Exp , {LBRACK SEMICOLON AND LT PLUS MINUS TIMES DOT }]
  [Exp ::= (*) Exp LBRACK Exp RBRACK , {LBRACK SEMICOLON AND LT PLUS MINUS TIMES DOT }]
  [Exp ::= (*) FALSE , {LBRACK SEMICOLON AND LT PLUS MINUS TIMES DOT }]
  [Exp ::= (*) EXCLAMATION Exp , {LBRACK SEMICOLON AND LT PLUS MINUS TIMES DOT }]
  [Statement ::= ID ASSIGN (*) Exp SEMICOLON , {ID RETURN IF ELSE WHILE PRINTLN LBRACE RBRACE }]
  [Exp ::= (*) Exp AND Exp , {LBRACK SEMICOLON AND LT PLUS MINUS TIMES DOT }]
  [Exp ::= (*) INTEGER_LITERAL , {LBRACK SEMICOLON AND LT PLUS MINUS TIMES DOT }]
  [Exp ::= (*) NEW INT LBRACK Exp RBRACK , {LBRACK SEMICOLON AND LT PLUS MINUS TIMES DOT }]
}
transition on INTEGER_LITERAL to state [32]
transition on LPAREN to state [31]
transition on THIS to state [30]
transition on EXCLAMATION to state [29]
transition on ID to state [28]
transition on FALSE to state [27]
transition on Exp to state [87]
transition on TRUE to state [25]
transition on NEW to state [24]

-------------------
lalr_state [87]: {
  [Exp ::= Exp (*) LBRACK Exp RBRACK , {LBRACK SEMICOLON AND LT PLUS MINUS TIMES DOT }]
  [Exp ::= Exp (*) TIMES Exp , {LBRACK SEMICOLON AND LT PLUS MINUS TIMES DOT }]
  [Exp ::= Exp (*) DOT ID LPAREN ExpList RPAREN , {LBRACK SEMICOLON AND LT PLUS MINUS TIMES DOT }]
  [Exp ::= Exp (*) LT Exp , {LBRACK SEMICOLON AND LT PLUS MINUS TIMES DOT }]
  [Statement ::= ID ASSIGN Exp (*) SEMICOLON , {ID RETURN IF ELSE WHILE PRINTLN LBRACE RBRACE }]
  [Exp ::= Exp (*) MINUS Exp , {LBRACK SEMICOLON AND LT PLUS MINUS TIMES DOT }]
  [Exp ::= Exp (*) DOT LENGTH , {LBRACK SEMICOLON AND LT PLUS MINUS TIMES DOT }]
  [Exp ::= Exp (*) AND Exp , {LBRACK SEMICOLON AND LT PLUS MINUS TIMES DOT }]
  [Exp ::= Exp (*) PLUS Exp , {LBRACK SEMICOLON AND LT PLUS MINUS TIMES DOT }]
}
transition on DOT to state [41]
transition on TIMES to state [40]
transition on LBRACK to state [39]
transition on MINUS to state [38]
transition on PLUS to state [37]
transition on AND to state [36]
transition on SEMICOLON to state [88]
transition on LT to state [34]

-------------------
lalr_state [88]: {
  [Statement ::= ID ASSIGN Exp SEMICOLON (*) , {ID RETURN IF ELSE WHILE PRINTLN LBRACE RBRACE }]
}

-------------------
lalr_state [89]: {
  [Statement ::= ID LBRACK Exp (*) RBRACK ASSIGN Exp SEMICOLON , {ID RETURN IF ELSE WHILE PRINTLN LBRACE RBRACE }]
  [Exp ::= Exp (*) LBRACK Exp RBRACK , {LBRACK RBRACK AND LT PLUS MINUS TIMES DOT }]
  [Exp ::= Exp (*) TIMES Exp , {LBRACK RBRACK AND LT PLUS MINUS TIMES DOT }]
  [Exp ::= Exp (*) DOT ID LPAREN ExpList RPAREN , {LBRACK RBRACK AND LT PLUS MINUS TIMES DOT }]
  [Exp ::= Exp (*) LT Exp , {LBRACK RBRACK AND LT PLUS MINUS TIMES DOT }]
  [Exp ::= Exp (*) MINUS Exp , {LBRACK RBRACK AND LT PLUS MINUS TIMES DOT }]
  [Exp ::= Exp (*) DOT LENGTH , {LBRACK RBRACK AND LT PLUS MINUS TIMES DOT }]
  [Exp ::= Exp (*) AND Exp , {LBRACK RBRACK AND LT PLUS MINUS TIMES DOT }]
  [Exp ::= Exp (*) PLUS Exp , {LBRACK RBRACK AND LT PLUS MINUS TIMES DOT }]
}
transition on DOT to state [41]
transition on TIMES to state [40]
transition on LBRACK to state [39]
transition on MINUS to state [38]
transition on PLUS to state [37]
transition on AND to state [36]
transition on LT to state [34]
transition on RBRACK to state [90]

-------------------
lalr_state [90]: {
  [Statement ::= ID LBRACK Exp RBRACK (*) ASSIGN Exp SEMICOLON , {ID RETURN IF ELSE WHILE PRINTLN LBRACE RBRACE }]
}
transition on ASSIGN to state [91]

-------------------
lalr_state [91]: {
  [Exp ::= (*) Exp MINUS Exp , {LBRACK SEMICOLON AND LT PLUS MINUS TIMES DOT }]
  [Exp ::= (*) Exp DOT LENGTH , {LBRACK SEMICOLON AND LT PLUS MINUS TIMES DOT }]
  [Exp ::= (*) ID , {LBRACK SEMICOLON AND LT PLUS MINUS TIMES DOT }]
  [Exp ::= (*) LPAREN Exp RPAREN , {LBRACK SEMICOLON AND LT PLUS MINUS TIMES DOT }]
  [Statement ::= ID LBRACK Exp RBRACK ASSIGN (*) Exp SEMICOLON , {ID RETURN IF ELSE WHILE PRINTLN LBRACE RBRACE }]
  [Exp ::= (*) Exp LT Exp , {LBRACK SEMICOLON AND LT PLUS MINUS TIMES DOT }]
  [Exp ::= (*) TRUE , {LBRACK SEMICOLON AND LT PLUS MINUS TIMES DOT }]
  [Exp ::= (*) NEW ID LPAREN RPAREN , {LBRACK SEMICOLON AND LT PLUS MINUS TIMES DOT }]
  [Exp ::= (*) Exp TIMES Exp , {LBRACK SEMICOLON AND LT PLUS MINUS TIMES DOT }]
  [Exp ::= (*) Exp DOT ID LPAREN ExpList RPAREN , {LBRACK SEMICOLON AND LT PLUS MINUS TIMES DOT }]
  [Exp ::= (*) THIS , {LBRACK SEMICOLON AND LT PLUS MINUS TIMES DOT }]
  [Exp ::= (*) Exp PLUS Exp , {LBRACK SEMICOLON AND LT PLUS MINUS TIMES DOT }]
  [Exp ::= (*) Exp LBRACK Exp RBRACK , {LBRACK SEMICOLON AND LT PLUS MINUS TIMES DOT }]
  [Exp ::= (*) FALSE , {LBRACK SEMICOLON AND LT PLUS MINUS TIMES DOT }]
  [Exp ::= (*) EXCLAMATION Exp , {LBRACK SEMICOLON AND LT PLUS MINUS TIMES DOT }]
  [Exp ::= (*) Exp AND Exp , {LBRACK SEMICOLON AND LT PLUS MINUS TIMES DOT }]
  [Exp ::= (*) INTEGER_LITERAL , {LBRACK SEMICOLON AND LT PLUS MINUS TIMES DOT }]
  [Exp ::= (*) NEW INT LBRACK Exp RBRACK , {LBRACK SEMICOLON AND LT PLUS MINUS TIMES DOT }]
}
transition on INTEGER_LITERAL to state [32]
transition on LPAREN to state [31]
transition on THIS to state [30]
transition on EXCLAMATION to state [29]
transition on ID to state [28]
transition on FALSE to state [27]
transition on Exp to state [92]
transition on TRUE to state [25]
transition on NEW to state [24]

-------------------
lalr_state [92]: {
  [Exp ::= Exp (*) LBRACK Exp RBRACK , {LBRACK SEMICOLON AND LT PLUS MINUS TIMES DOT }]
  [Exp ::= Exp (*) TIMES Exp , {LBRACK SEMICOLON AND LT PLUS MINUS TIMES DOT }]
  [Exp ::= Exp (*) DOT ID LPAREN ExpList RPAREN , {LBRACK SEMICOLON AND LT PLUS MINUS TIMES DOT }]
  [Exp ::= Exp (*) LT Exp , {LBRACK SEMICOLON AND LT PLUS MINUS TIMES DOT }]
  [Exp ::= Exp (*) MINUS Exp , {LBRACK SEMICOLON AND LT PLUS MINUS TIMES DOT }]
  [Exp ::= Exp (*) DOT LENGTH , {LBRACK SEMICOLON AND LT PLUS MINUS TIMES DOT }]
  [Exp ::= Exp (*) AND Exp , {LBRACK SEMICOLON AND LT PLUS MINUS TIMES DOT }]
  [Exp ::= Exp (*) PLUS Exp , {LBRACK SEMICOLON AND LT PLUS MINUS TIMES DOT }]
  [Statement ::= ID LBRACK Exp RBRACK ASSIGN Exp (*) SEMICOLON , {ID RETURN IF ELSE WHILE PRINTLN LBRACE RBRACE }]
}
transition on DOT to state [41]
transition on TIMES to state [40]
transition on LBRACK to state [39]
transition on MINUS to state [38]
transition on PLUS to state [37]
transition on AND to state [36]
transition on SEMICOLON to state [93]
transition on LT to state [34]

-------------------
lalr_state [93]: {
  [Statement ::= ID LBRACK Exp RBRACK ASSIGN Exp SEMICOLON (*) , {ID RETURN IF ELSE WHILE PRINTLN LBRACE RBRACE }]
}

-------------------
lalr_state [94]: {
  [ClassDecl ::= (*) CLASS ID LBRACE VarDeclStar MethodDeclStar RBRACE , {EOF CLASS }]
  [Program ::= MainClass ClassDeclStar (*) , {EOF }]
  [ClassDeclStar ::= ClassDeclStar (*) ClassDecl , {EOF CLASS }]
}
transition on CLASS to state [96]
transition on ClassDecl to state [95]

-------------------
lalr_state [95]: {
  [ClassDeclStar ::= ClassDeclStar ClassDecl (*) , {EOF CLASS }]
}

-------------------
lalr_state [96]: {
  [ClassDecl ::= CLASS (*) ID LBRACE VarDeclStar MethodDeclStar RBRACE , {EOF CLASS }]
}
transition on ID to state [97]

-------------------
lalr_state [97]: {
  [ClassDecl ::= CLASS ID (*) LBRACE VarDeclStar MethodDeclStar RBRACE , {EOF CLASS }]
}
transition on LBRACE to state [98]

-------------------
lalr_state [98]: {
  [VarDeclStar ::= (*) , {ID PUBLIC INT BOOLEAN RBRACE }]
  [VarDeclStar ::= (*) VarDeclStar VarDecl , {ID PUBLIC INT BOOLEAN RBRACE }]
  [ClassDecl ::= CLASS ID LBRACE (*) VarDeclStar MethodDeclStar RBRACE , {EOF CLASS }]
}
transition on VarDeclStar to state [99]

-------------------
lalr_state [99]: {
  [Type ::= (*) ID , {ID }]
  [ClassDecl ::= CLASS ID LBRACE VarDeclStar (*) MethodDeclStar RBRACE , {EOF CLASS }]
  [Type ::= (*) INT LBRACK RBRACK , {ID }]
  [VarDecl ::= (*) Type ID SEMICOLON , {ID PUBLIC INT BOOLEAN RBRACE }]
  [Type ::= (*) INT , {ID }]
  [MethodDeclStar ::= (*) , {PUBLIC RBRACE }]
  [Type ::= (*) BOOLEAN , {ID }]
  [MethodDeclStar ::= (*) MethodDeclStar MethodDecl , {PUBLIC RBRACE }]
  [VarDeclStar ::= VarDeclStar (*) VarDecl , {ID PUBLIC INT BOOLEAN RBRACE }]
}
transition on INT to state [105]
transition on BOOLEAN to state [104]
transition on MethodDeclStar to state [103]
transition on VarDecl to state [102]
transition on Type to state [101]
transition on ID to state [100]

-------------------
lalr_state [100]: {
  [Type ::= ID (*) , {ID }]
}

-------------------
lalr_state [101]: {
  [VarDecl ::= Type (*) ID SEMICOLON , {ID PUBLIC RETURN INT BOOLEAN IF WHILE PRINTLN LBRACE RBRACE }]
}
transition on ID to state [131]

-------------------
lalr_state [102]: {
  [VarDeclStar ::= VarDeclStar VarDecl (*) , {ID PUBLIC RETURN INT BOOLEAN IF WHILE PRINTLN LBRACE RBRACE }]
}

-------------------
lalr_state [103]: {
  [MethodDeclStar ::= MethodDeclStar (*) MethodDecl , {PUBLIC RBRACE }]
  [ClassDecl ::= CLASS ID LBRACE VarDeclStar MethodDeclStar (*) RBRACE , {EOF CLASS }]
  [MethodDecl ::= (*) PUBLIC Type ID LPAREN FormalList RPAREN LBRACE VarDeclStar StatementStar RETURN Exp SEMICOLON RBRACE , {PUBLIC RBRACE }]
}
transition on PUBLIC to state [110]
transition on MethodDecl to state [109]
transition on RBRACE to state [108]

-------------------
lalr_state [104]: {
  [Type ::= BOOLEAN (*) , {ID }]
}

-------------------
lalr_state [105]: {
  [Type ::= INT (*) LBRACK RBRACK , {ID }]
  [Type ::= INT (*) , {ID }]
}
transition on LBRACK to state [106]

-------------------
lalr_state [106]: {
  [Type ::= INT LBRACK (*) RBRACK , {ID }]
}
transition on RBRACK to state [107]

-------------------
lalr_state [107]: {
  [Type ::= INT LBRACK RBRACK (*) , {ID }]
}

-------------------
lalr_state [108]: {
  [ClassDecl ::= CLASS ID LBRACE VarDeclStar MethodDeclStar RBRACE (*) , {EOF CLASS }]
}

-------------------
lalr_state [109]: {
  [MethodDeclStar ::= MethodDeclStar MethodDecl (*) , {PUBLIC RBRACE }]
}

-------------------
lalr_state [110]: {
  [Type ::= (*) INT , {ID }]
  [Type ::= (*) BOOLEAN , {ID }]
  [Type ::= (*) ID , {ID }]
  [Type ::= (*) INT LBRACK RBRACK , {ID }]
  [MethodDecl ::= PUBLIC (*) Type ID LPAREN FormalList RPAREN LBRACE VarDeclStar StatementStar RETURN Exp SEMICOLON RBRACE , {PUBLIC RBRACE }]
}
transition on INT to state [105]
transition on BOOLEAN to state [104]
transition on Type to state [111]
transition on ID to state [100]

-------------------
lalr_state [111]: {
  [MethodDecl ::= PUBLIC Type (*) ID LPAREN FormalList RPAREN LBRACE VarDeclStar StatementStar RETURN Exp SEMICOLON RBRACE , {PUBLIC RBRACE }]
}
transition on ID to state [112]

-------------------
lalr_state [112]: {
  [MethodDecl ::= PUBLIC Type ID (*) LPAREN FormalList RPAREN LBRACE VarDeclStar StatementStar RETURN Exp SEMICOLON RBRACE , {PUBLIC RBRACE }]
}
transition on LPAREN to state [113]

-------------------
lalr_state [113]: {
  [Type ::= (*) INT , {ID }]
  [FormalList ::= (*) , {RPAREN }]
  [Type ::= (*) BOOLEAN , {ID }]
  [FormalList ::= (*) Type ID FormalRestStar , {RPAREN }]
  [MethodDecl ::= PUBLIC Type ID LPAREN (*) FormalList RPAREN LBRACE VarDeclStar StatementStar RETURN Exp SEMICOLON RBRACE , {PUBLIC RBRACE }]
  [Type ::= (*) ID , {ID }]
  [Type ::= (*) INT LBRACK RBRACK , {ID }]
}
transition on INT to state [105]
transition on BOOLEAN to state [104]
transition on Type to state [115]
transition on FormalList to state [114]
transition on ID to state [100]

-------------------
lalr_state [114]: {
  [MethodDecl ::= PUBLIC Type ID LPAREN FormalList (*) RPAREN LBRACE VarDeclStar StatementStar RETURN Exp SEMICOLON RBRACE , {PUBLIC RBRACE }]
}
transition on RPAREN to state [122]

-------------------
lalr_state [115]: {
  [FormalList ::= Type (*) ID FormalRestStar , {RPAREN }]
}
transition on ID to state [116]

-------------------
lalr_state [116]: {
  [FormalList ::= Type ID (*) FormalRestStar , {RPAREN }]
  [FormalRestStar ::= (*) , {RPAREN COMMA }]
  [FormalRestStar ::= (*) FormalRestStar FormalRest , {RPAREN COMMA }]
}
transition on FormalRestStar to state [117]

-------------------
lalr_state [117]: {
  [FormalRest ::= (*) COMMA Type ID , {RPAREN COMMA }]
  [FormalList ::= Type ID FormalRestStar (*) , {RPAREN }]
  [FormalRestStar ::= FormalRestStar (*) FormalRest , {RPAREN COMMA }]
}
transition on FormalRest to state [119]
transition on COMMA to state [118]

-------------------
lalr_state [118]: {
  [Type ::= (*) INT , {ID }]
  [FormalRest ::= COMMA (*) Type ID , {RPAREN COMMA }]
  [Type ::= (*) BOOLEAN , {ID }]
  [Type ::= (*) ID , {ID }]
  [Type ::= (*) INT LBRACK RBRACK , {ID }]
}
transition on INT to state [105]
transition on BOOLEAN to state [104]
transition on Type to state [120]
transition on ID to state [100]

-------------------
lalr_state [119]: {
  [FormalRestStar ::= FormalRestStar FormalRest (*) , {RPAREN COMMA }]
}

-------------------
lalr_state [120]: {
  [FormalRest ::= COMMA Type (*) ID , {RPAREN COMMA }]
}
transition on ID to state [121]

-------------------
lalr_state [121]: {
  [FormalRest ::= COMMA Type ID (*) , {RPAREN COMMA }]
}

-------------------
lalr_state [122]: {
  [MethodDecl ::= PUBLIC Type ID LPAREN FormalList RPAREN (*) LBRACE VarDeclStar StatementStar RETURN Exp SEMICOLON RBRACE , {PUBLIC RBRACE }]
}
transition on LBRACE to state [123]

-------------------
lalr_state [123]: {
  [MethodDecl ::= PUBLIC Type ID LPAREN FormalList RPAREN LBRACE (*) VarDeclStar StatementStar RETURN Exp SEMICOLON RBRACE , {PUBLIC RBRACE }]
  [VarDeclStar ::= (*) , {ID RETURN INT BOOLEAN IF WHILE PRINTLN LBRACE }]
  [VarDeclStar ::= (*) VarDeclStar VarDecl , {ID RETURN INT BOOLEAN IF WHILE PRINTLN LBRACE }]
}
transition on VarDeclStar to state [124]

-------------------
lalr_state [124]: {
  [Type ::= (*) ID , {ID }]
  [Type ::= (*) INT LBRACK RBRACK , {ID }]
  [VarDecl ::= (*) Type ID SEMICOLON , {ID RETURN INT BOOLEAN IF WHILE PRINTLN LBRACE }]
  [Statement ::= (*) ID LBRACK Exp RBRACK ASSIGN Exp SEMICOLON , {ID RETURN IF WHILE PRINTLN LBRACE }]
  [Statement ::= (*) WHILE LPAREN Exp RPAREN Statement , {ID RETURN IF WHILE PRINTLN LBRACE }]
  [StatementStar ::= (*) , {RETURN }]
  [Type ::= (*) INT , {ID }]
  [Statement ::= (*) ID ASSIGN Exp SEMICOLON , {ID RETURN IF WHILE PRINTLN LBRACE }]
  [Statement ::= (*) IF LPAREN Exp RPAREN Statement ELSE Statement , {ID RETURN IF WHILE PRINTLN LBRACE }]
  [StatementStar ::= (*) Statement StatementStar , {RETURN }]
  [Type ::= (*) BOOLEAN , {ID }]
  [MethodDecl ::= PUBLIC Type ID LPAREN FormalList RPAREN LBRACE VarDeclStar (*) StatementStar RETURN Exp SEMICOLON RBRACE , {PUBLIC RBRACE }]
  [VarDeclStar ::= VarDeclStar (*) VarDecl , {ID RETURN INT BOOLEAN IF WHILE PRINTLN LBRACE }]
  [Statement ::= (*) PRINTLN LPAREN Exp RPAREN SEMICOLON , {ID RETURN IF WHILE PRINTLN LBRACE }]
  [Statement ::= (*) LBRACE StatementStar RBRACE , {ID RETURN IF WHILE PRINTLN LBRACE }]
}
transition on ID to state [126]
transition on Statement to state [81]
transition on IF to state [21]
transition on VarDecl to state [102]
transition on BOOLEAN to state [104]
transition on PRINTLN to state [22]
transition on StatementStar to state [125]
transition on WHILE to state [20]
transition on INT to state [105]
transition on LBRACE to state [18]
transition on Type to state [101]

-------------------
lalr_state [125]: {
  [MethodDecl ::= PUBLIC Type ID LPAREN FormalList RPAREN LBRACE VarDeclStar StatementStar (*) RETURN Exp SEMICOLON RBRACE , {PUBLIC RBRACE }]
}
transition on RETURN to state [127]

-------------------
lalr_state [126]: {
  [Statement ::= ID (*) ASSIGN Exp SEMICOLON , {ID RETURN IF WHILE PRINTLN LBRACE }]
  [Type ::= ID (*) , {ID }]
  [Statement ::= ID (*) LBRACK Exp RBRACK ASSIGN Exp SEMICOLON , {ID RETURN IF WHILE PRINTLN LBRACE }]
}
transition on ASSIGN to state [86]
transition on LBRACK to state [85]

-------------------
lalr_state [127]: {
  [Exp ::= (*) Exp MINUS Exp , {LBRACK SEMICOLON AND LT PLUS MINUS TIMES DOT }]
  [Exp ::= (*) Exp DOT LENGTH , {LBRACK SEMICOLON AND LT PLUS MINUS TIMES DOT }]
  [Exp ::= (*) ID , {LBRACK SEMICOLON AND LT PLUS MINUS TIMES DOT }]
  [Exp ::= (*) LPAREN Exp RPAREN , {LBRACK SEMICOLON AND LT PLUS MINUS TIMES DOT }]
  [MethodDecl ::= PUBLIC Type ID LPAREN FormalList RPAREN LBRACE VarDeclStar StatementStar RETURN (*) Exp SEMICOLON RBRACE , {PUBLIC RBRACE }]
  [Exp ::= (*) Exp LT Exp , {LBRACK SEMICOLON AND LT PLUS MINUS TIMES DOT }]
  [Exp ::= (*) TRUE , {LBRACK SEMICOLON AND LT PLUS MINUS TIMES DOT }]
  [Exp ::= (*) NEW ID LPAREN RPAREN , {LBRACK SEMICOLON AND LT PLUS MINUS TIMES DOT }]
  [Exp ::= (*) Exp TIMES Exp , {LBRACK SEMICOLON AND LT PLUS MINUS TIMES DOT }]
  [Exp ::= (*) Exp DOT ID LPAREN ExpList RPAREN , {LBRACK SEMICOLON AND LT PLUS MINUS TIMES DOT }]
  [Exp ::= (*) THIS , {LBRACK SEMICOLON AND LT PLUS MINUS TIMES DOT }]
  [Exp ::= (*) Exp PLUS Exp , {LBRACK SEMICOLON AND LT PLUS MINUS TIMES DOT }]
  [Exp ::= (*) Exp LBRACK Exp RBRACK , {LBRACK SEMICOLON AND LT PLUS MINUS TIMES DOT }]
  [Exp ::= (*) FALSE , {LBRACK SEMICOLON AND LT PLUS MINUS TIMES DOT }]
  [Exp ::= (*) EXCLAMATION Exp , {LBRACK SEMICOLON AND LT PLUS MINUS TIMES DOT }]
  [Exp ::= (*) Exp AND Exp , {LBRACK SEMICOLON AND LT PLUS MINUS TIMES DOT }]
  [Exp ::= (*) INTEGER_LITERAL , {LBRACK SEMICOLON AND LT PLUS MINUS TIMES DOT }]
  [Exp ::= (*) NEW INT LBRACK Exp RBRACK , {LBRACK SEMICOLON AND LT PLUS MINUS TIMES DOT }]
}
transition on INTEGER_LITERAL to state [32]
transition on LPAREN to state [31]
transition on THIS to state [30]
transition on EXCLAMATION to state [29]
transition on ID to state [28]
transition on FALSE to state [27]
transition on Exp to state [128]
transition on TRUE to state [25]
transition on NEW to state [24]

-------------------
lalr_state [128]: {
  [Exp ::= Exp (*) LBRACK Exp RBRACK , {LBRACK SEMICOLON AND LT PLUS MINUS TIMES DOT }]
  [Exp ::= Exp (*) TIMES Exp , {LBRACK SEMICOLON AND LT PLUS MINUS TIMES DOT }]
  [Exp ::= Exp (*) DOT ID LPAREN ExpList RPAREN , {LBRACK SEMICOLON AND LT PLUS MINUS TIMES DOT }]
  [Exp ::= Exp (*) LT Exp , {LBRACK SEMICOLON AND LT PLUS MINUS TIMES DOT }]
  [Exp ::= Exp (*) MINUS Exp , {LBRACK SEMICOLON AND LT PLUS MINUS TIMES DOT }]
  [MethodDecl ::= PUBLIC Type ID LPAREN FormalList RPAREN LBRACE VarDeclStar StatementStar RETURN Exp (*) SEMICOLON RBRACE , {PUBLIC RBRACE }]
  [Exp ::= Exp (*) DOT LENGTH , {LBRACK SEMICOLON AND LT PLUS MINUS TIMES DOT }]
  [Exp ::= Exp (*) AND Exp , {LBRACK SEMICOLON AND LT PLUS MINUS TIMES DOT }]
  [Exp ::= Exp (*) PLUS Exp , {LBRACK SEMICOLON AND LT PLUS MINUS TIMES DOT }]
}
transition on DOT to state [41]
transition on TIMES to state [40]
transition on LBRACK to state [39]
transition on MINUS to state [38]
transition on PLUS to state [37]
transition on AND to state [36]
transition on SEMICOLON to state [129]
transition on LT to state [34]

-------------------
lalr_state [129]: {
  [MethodDecl ::= PUBLIC Type ID LPAREN FormalList RPAREN LBRACE VarDeclStar StatementStar RETURN Exp SEMICOLON (*) RBRACE , {PUBLIC RBRACE }]
}
transition on RBRACE to state [130]

-------------------
lalr_state [130]: {
  [MethodDecl ::= PUBLIC Type ID LPAREN FormalList RPAREN LBRACE VarDeclStar StatementStar RETURN Exp SEMICOLON RBRACE (*) , {PUBLIC RBRACE }]
}

-------------------
lalr_state [131]: {
  [VarDecl ::= Type ID (*) SEMICOLON , {ID PUBLIC RETURN INT BOOLEAN IF WHILE PRINTLN LBRACE RBRACE }]
}
transition on SEMICOLON to state [132]

-------------------
lalr_state [132]: {
  [VarDecl ::= Type ID SEMICOLON (*) , {ID PUBLIC RETURN INT BOOLEAN IF WHILE PRINTLN LBRACE RBRACE }]
}

-------------------
lalr_state [133]: {
  [$START ::= Program EOF (*) , {EOF }]
}

-------------------
Closing files...
------- CUP v0.10k Parser Generation Summary -------
  0 errors and 0 warnings
  38 terminals, 19 non-terminals, and 51 productions declared, 
  producing 134 unique parse states.
  0 terminals declared but not used.
  0 non-terminals declared but not used.
  0 productions never reduced.
  0 conflicts detected (0 expected).
  Code written to "Grm.java", and "sym.java".
---------------------------------------------------- (v0.10k)
